{"D:\\Users\\norbe\\repos\\C32\\MB-BE\\src\\app.ts": {"path":"D:\\Users\\norbe\\repos\\C32\\MB-BE\\src\\app.ts","statementMap":{"0":{"start":{"line":1,"column":0},"end":{"line":1,"column":62}},"1":{"start":{"line":2,"column":0},"end":{"line":2,"column":24}},"2":{"start":{"line":3,"column":0},"end":{"line":3,"column":32}},"3":{"start":{"line":4,"column":0},"end":{"line":4,"column":23}},"4":{"start":{"line":5,"column":0},"end":{"line":5,"column":30}},"5":{"start":{"line":6,"column":0},"end":{"line":6,"column":28}},"6":{"start":{"line":8,"column":21},"end":{"line":8,"column":30}},"7":{"start":{"line":9,"column":0},"end":{"line":9,"column":30}},"8":{"start":{"line":10,"column":0},"end":{"line":10,"column":24}},"9":{"start":{"line":11,"column":0},"end":{"line":11,"column":23}},"10":{"start":{"line":13,"column":33},"end":{"line":13,"column":49}},"11":{"start":{"line":14,"column":35},"end":{"line":14,"column":53}},"12":{"start":{"line":15,"column":0},"end":{"line":17,"column":1}},"13":{"start":{"line":16,"column":4},"end":{"line":16,"column":41}},"14":{"start":{"line":18,"column":0},"end":{"line":33,"column":1}},"15":{"start":{"line":19,"column":4},"end":{"line":19,"column":39}},"16":{"start":{"line":20,"column":4},"end":{"line":20,"column":29}},"17":{"start":{"line":21,"column":4},"end":{"line":21,"column":41}},"18":{"start":{"line":23,"column":4},"end":{"line":23,"column":25}},"19":{"start":{"line":24,"column":4},"end":{"line":26,"column":7}},"20":{"start":{"line":25,"column":8},"end":{"line":25,"column":62}},"21":{"start":{"line":28,"column":4},"end":{"line":30,"column":7}},"22":{"start":{"line":29,"column":8},"end":{"line":29,"column":57}},"23":{"start":{"line":32,"column":4},"end":{"line":32,"column":23}},"24":{"start":{"line":35,"column":0},"end":{"line":35,"column":19}}},"fnMap":{"0":{"name":"(anonymous_1)","decl":{"start":{"line":24,"column":17},"end":{"line":24,"column":18}},"loc":{"start":{"line":24,"column":45},"end":{"line":26,"column":5}}},"1":{"name":"(anonymous_2)","decl":{"start":{"line":28,"column":21},"end":{"line":28,"column":null}},"loc":{"start":{"line":28,"column":21},"end":{"line":30,"column":5}}}},"branchMap":{"0":{"loc":{"start":{"line":15,"column":0},"end":{"line":17,"column":1}},"type":"if","locations":[{"start":{"line":15,"column":0},"end":{"line":17,"column":1}}]}},"s":{"0":1,"1":1,"2":1,"3":1,"4":1,"5":1,"6":1,"7":1,"8":1,"9":1,"10":1,"11":1,"12":1,"13":0,"14":1,"15":1,"16":1,"17":1,"18":1,"19":1,"20":0,"21":1,"22":1,"23":0,"24":1},"f":{"0":0,"1":1},"b":{"0":[0]}}
,"D:\\Users\\norbe\\repos\\C32\\MB-BE\\src\\controllers\\article.controllers.ts": {"path":"D:\\Users\\norbe\\repos\\C32\\MB-BE\\src\\controllers\\article.controllers.ts","statementMap":{"0":{"start":{"line":1,"column":0},"end":{"line":1,"column":46}},"1":{"start":{"line":2,"column":0},"end":{"line":2,"column":59}},"2":{"start":{"line":4,"column":0},"end":{"line":4,"column":44}},"3":{"start":{"line":6,"column":0},"end":{"line":6,"column":13}},"4":{"start":{"line":7,"column":14},"end":{"line":39,"column":null}},"5":{"start":{"line":9,"column":9},"end":{"line":9,"column":30}},"6":{"start":{"line":10,"column":3},"end":{"line":13,"column":4}},"7":{"start":{"line":11,"column":4},"end":{"line":11,"column":26}},"8":{"start":{"line":12,"column":4},"end":{"line":12,"column":63}},"9":{"start":{"line":14,"column":18},"end":{"line":14,"column":null}},"10":{"start":{"line":14,"column":9},"end":{"line":14,"column":null}},"11":{"start":{"line":15,"column":3},"end":{"line":17,"column":13}},"12":{"start":{"line":16,"column":16},"end":{"line":16,"column":95}},"13":{"start":{"line":18,"column":9},"end":{"line":18,"column":38}},"14":{"start":{"line":19,"column":20},"end":{"line":19,"column":null}},"15":{"start":{"line":19,"column":9},"end":{"line":19,"column":null}},"16":{"start":{"line":20,"column":3},"end":{"line":20,"column":25}},"17":{"start":{"line":21,"column":3},"end":{"line":34,"column":4}},"18":{"start":{"line":22,"column":4},"end":{"line":22,"column":46}},"19":{"start":{"line":24,"column":9},"end":{"line":28,"column":6}},"20":{"start":{"line":29,"column":4},"end":{"line":33,"column":7}},"21":{"start":{"line":36,"column":3},"end":{"line":36,"column":22}},"22":{"start":{"line":37,"column":3},"end":{"line":37,"column":57}},"23":{"start":{"line":41,"column":14},"end":{"line":56,"column":null}},"24":{"start":{"line":43,"column":20},"end":{"line":43,"column":null}},"25":{"start":{"line":43,"column":9},"end":{"line":43,"column":null}},"26":{"start":{"line":44,"column":3},"end":{"line":51,"column":4}},"27":{"start":{"line":45,"column":4},"end":{"line":45,"column":82}},"28":{"start":{"line":47,"column":4},"end":{"line":50,"column":7}},"29":{"start":{"line":53,"column":3},"end":{"line":53,"column":22}},"30":{"start":{"line":54,"column":3},"end":{"line":54,"column":57}},"31":{"start":{"line":58,"column":14},"end":{"line":69,"column":null}},"32":{"start":{"line":60,"column":19},"end":{"line":60,"column":null}},"33":{"start":{"line":60,"column":9},"end":{"line":60,"column":null}},"34":{"start":{"line":61,"column":3},"end":{"line":64,"column":6}},"35":{"start":{"line":66,"column":3},"end":{"line":66,"column":22}},"36":{"start":{"line":67,"column":3},"end":{"line":67,"column":57}},"37":{"start":{"line":72,"column":14},"end":{"line":101,"column":null}},"38":{"start":{"line":74,"column":7},"end":{"line":74,"column":22}},"39":{"start":{"line":75,"column":3},"end":{"line":77,"column":4}},"40":{"start":{"line":76,"column":4},"end":{"line":76,"column":32}},"41":{"start":{"line":78,"column":3},"end":{"line":80,"column":4}},"42":{"start":{"line":79,"column":4},"end":{"line":79,"column":36}},"43":{"start":{"line":81,"column":7},"end":{"line":81,"column":10}},"44":{"start":{"line":82,"column":19},"end":{"line":82,"column":null}},"45":{"start":{"line":82,"column":10},"end":{"line":82,"column":null}},"46":{"start":{"line":83,"column":4},"end":{"line":85,"column":5}},"47":{"start":{"line":84,"column":5},"end":{"line":84,"column":84}},"48":{"start":{"line":86,"column":4},"end":{"line":86,"column":35}},"49":{"start":{"line":88,"column":20},"end":{"line":88,"column":null}},"50":{"start":{"line":88,"column":9},"end":{"line":88,"column":null}},"51":{"start":{"line":89,"column":3},"end":{"line":96,"column":4}},"52":{"start":{"line":90,"column":4},"end":{"line":93,"column":7}},"53":{"start":{"line":95,"column":4},"end":{"line":95,"column":46}},"54":{"start":{"line":98,"column":3},"end":{"line":98,"column":22}},"55":{"start":{"line":99,"column":3},"end":{"line":99,"column":57}},"56":{"start":{"line":107,"column":14},"end":{"line":115,"column":null}},"57":{"start":{"line":109,"column":3},"end":{"line":109,"column":54}},"58":{"start":{"line":110,"column":3},"end":{"line":110,"column":101}},"59":{"start":{"line":112,"column":3},"end":{"line":112,"column":22}},"60":{"start":{"line":113,"column":3},"end":{"line":113,"column":57}},"61":{"start":{"line":118,"column":0},"end":{"line":118,"column":null}},"62":{"start":{"line":6,"column":13},"end":{"line":6,"column":31}}},"fnMap":{"0":{"name":"(anonymous_14)","decl":{"start":{"line":6,"column":0},"end":{"line":6,"column":13}},"loc":{"start":{"line":6,"column":0},"end":{"line":118,"column":null}}},"1":{"name":"(anonymous_16)","decl":{"start":{"line":7,"column":1},"end":{"line":7,"column":14}},"loc":{"start":{"line":7,"column":55},"end":{"line":39,"column":null}}},"2":{"name":"(anonymous_19)","decl":{"start":{"line":41,"column":1},"end":{"line":41,"column":14}},"loc":{"start":{"line":41,"column":54},"end":{"line":56,"column":null}}},"3":{"name":"(anonymous_22)","decl":{"start":{"line":58,"column":1},"end":{"line":58,"column":14}},"loc":{"start":{"line":58,"column":59},"end":{"line":69,"column":null}}},"4":{"name":"(anonymous_25)","decl":{"start":{"line":72,"column":1},"end":{"line":72,"column":14}},"loc":{"start":{"line":72,"column":55},"end":{"line":101,"column":null}}},"5":{"name":"(anonymous_28)","decl":{"start":{"line":107,"column":1},"end":{"line":107,"column":14}},"loc":{"start":{"line":107,"column":55},"end":{"line":115,"column":null}}}},"branchMap":{"0":{"loc":{"start":{"line":10,"column":3},"end":{"line":13,"column":4}},"type":"if","locations":[{"start":{"line":10,"column":3},"end":{"line":13,"column":4}}]},"1":{"loc":{"start":{"line":10,"column":7},"end":{"line":10,"column":34}},"type":"binary-expr","locations":[{"start":{"line":10,"column":7},"end":{"line":10,"column":16}},{"start":{"line":10,"column":20},"end":{"line":10,"column":34}}]},"2":{"loc":{"start":{"line":15,"column":3},"end":{"line":17,"column":13}},"type":"if","locations":[{"start":{"line":15,"column":3},"end":{"line":17,"column":13}}]},"3":{"loc":{"start":{"line":15,"column":7},"end":{"line":15,"column":36}},"type":"binary-expr","locations":[{"start":{"line":15,"column":7},"end":{"line":15,"column":14}},{"start":{"line":15,"column":18},"end":{"line":15,"column":36}}]},"4":{"loc":{"start":{"line":21,"column":3},"end":{"line":34,"column":4}},"type":"if","locations":[{"start":{"line":21,"column":3},"end":{"line":34,"column":4}},{"start":{"line":23,"column":10},"end":{"line":34,"column":4}}]},"5":{"loc":{"start":{"line":44,"column":3},"end":{"line":51,"column":4}},"type":"if","locations":[{"start":{"line":44,"column":3},"end":{"line":51,"column":4}},{"start":{"line":46,"column":10},"end":{"line":51,"column":4}}]},"6":{"loc":{"start":{"line":88,"column":20},"end":{"line":88,"column":null}},"type":"switch","locations":[{"start":{"line":88,"column":20},"end":{"line":88,"column":null}}]},"7":{"loc":{"start":{"line":75,"column":3},"end":{"line":77,"column":4}},"type":"if","locations":[{"start":{"line":75,"column":3},"end":{"line":77,"column":4}}]},"8":{"loc":{"start":{"line":78,"column":3},"end":{"line":80,"column":4}},"type":"if","locations":[{"start":{"line":78,"column":3},"end":{"line":80,"column":4}}]},"9":{"loc":{"start":{"line":81,"column":7},"end":{"line":81,"column":10}},"type":"if","locations":[{"start":{"line":81,"column":7},"end":{"line":81,"column":10}}]},"10":{"loc":{"start":{"line":83,"column":4},"end":{"line":85,"column":5}},"type":"if","locations":[{"start":{"line":83,"column":4},"end":{"line":85,"column":5}}]},"11":{"loc":{"start":{"line":83,"column":8},"end":{"line":83,"column":37}},"type":"binary-expr","locations":[{"start":{"line":83,"column":8},"end":{"line":83,"column":15}},{"start":{"line":83,"column":19},"end":{"line":83,"column":37}}]},"12":{"loc":{"start":{"line":89,"column":3},"end":{"line":96,"column":4}},"type":"if","locations":[{"start":{"line":89,"column":3},"end":{"line":96,"column":4}},{"start":{"line":94,"column":10},"end":{"line":96,"column":4}}]}},"s":{"0":1,"1":1,"2":1,"3":1,"4":1,"5":0,"6":0,"7":0,"8":0,"9":0,"10":0,"11":0,"12":0,"13":0,"14":0,"15":0,"16":0,"17":0,"18":0,"19":0,"20":0,"21":0,"22":0,"23":1,"24":1,"25":1,"26":1,"27":0,"28":1,"29":0,"30":0,"31":1,"32":0,"33":0,"34":0,"35":0,"36":0,"37":1,"38":0,"39":0,"40":0,"41":0,"42":0,"43":0,"44":0,"45":0,"46":0,"47":0,"48":0,"49":0,"50":0,"51":0,"52":0,"53":0,"54":0,"55":0,"56":1,"57":0,"58":0,"59":0,"60":0,"61":1,"62":1},"f":{"0":1,"1":0,"2":1,"3":0,"4":0,"5":0},"b":{"0":[0],"1":[0,0],"2":[0],"3":[0,0],"4":[0,0],"5":[0,1],"6":[0],"7":[0],"8":[0],"9":[0],"10":[0],"11":[0,0],"12":[0,0]}}
,"D:\\Users\\norbe\\repos\\C32\\MB-BE\\src\\controllers\\comment.controllers.ts": {"path":"D:\\Users\\norbe\\repos\\C32\\MB-BE\\src\\controllers\\comment.controllers.ts","statementMap":{"0":{"start":{"line":1,"column":0},"end":{"line":1,"column":63}},"1":{"start":{"line":4,"column":0},"end":{"line":4,"column":13}},"2":{"start":{"line":5,"column":14},"end":{"line":25,"column":null}},"3":{"start":{"line":7,"column":9},"end":{"line":7,"column":29}},"4":{"start":{"line":8,"column":9},"end":{"line":11,"column":5}},"5":{"start":{"line":12,"column":20},"end":{"line":15,"column":null}},"6":{"start":{"line":12,"column":9},"end":{"line":15,"column":null}},"7":{"start":{"line":16,"column":3},"end":{"line":20,"column":4}},"8":{"start":{"line":17,"column":4},"end":{"line":17,"column":39}},"9":{"start":{"line":19,"column":4},"end":{"line":19,"column":123}},"10":{"start":{"line":22,"column":3},"end":{"line":22,"column":22}},"11":{"start":{"line":23,"column":3},"end":{"line":23,"column":42}},"12":{"start":{"line":27,"column":14},"end":{"line":39,"column":null}},"13":{"start":{"line":29,"column":20},"end":{"line":29,"column":null}},"14":{"start":{"line":29,"column":9},"end":{"line":29,"column":null}},"15":{"start":{"line":30,"column":3},"end":{"line":34,"column":4}},"16":{"start":{"line":31,"column":4},"end":{"line":31,"column":85}},"17":{"start":{"line":33,"column":4},"end":{"line":33,"column":108}},"18":{"start":{"line":36,"column":3},"end":{"line":36,"column":22}},"19":{"start":{"line":37,"column":3},"end":{"line":37,"column":58}},"20":{"start":{"line":41,"column":14},"end":{"line":49,"column":null}},"21":{"start":{"line":43,"column":3},"end":{"line":43,"column":71}},"22":{"start":{"line":44,"column":3},"end":{"line":44,"column":69}},"23":{"start":{"line":46,"column":3},"end":{"line":46,"column":22}},"24":{"start":{"line":47,"column":3},"end":{"line":47,"column":42}},"25":{"start":{"line":50,"column":0},"end":{"line":50,"column":null}},"26":{"start":{"line":4,"column":13},"end":{"line":4,"column":30}}},"fnMap":{"0":{"name":"(anonymous_13)","decl":{"start":{"line":4,"column":0},"end":{"line":4,"column":13}},"loc":{"start":{"line":4,"column":0},"end":{"line":50,"column":null}}},"1":{"name":"(anonymous_15)","decl":{"start":{"line":5,"column":1},"end":{"line":5,"column":14}},"loc":{"start":{"line":5,"column":51},"end":{"line":25,"column":null}}},"2":{"name":"(anonymous_18)","decl":{"start":{"line":27,"column":1},"end":{"line":27,"column":14}},"loc":{"start":{"line":27,"column":55},"end":{"line":39,"column":null}}},"3":{"name":"(anonymous_21)","decl":{"start":{"line":41,"column":1},"end":{"line":41,"column":14}},"loc":{"start":{"line":41,"column":53},"end":{"line":49,"column":null}}}},"branchMap":{"0":{"loc":{"start":{"line":16,"column":3},"end":{"line":20,"column":4}},"type":"if","locations":[{"start":{"line":16,"column":3},"end":{"line":20,"column":4}},{"start":{"line":18,"column":10},"end":{"line":20,"column":4}}]},"1":{"loc":{"start":{"line":30,"column":3},"end":{"line":34,"column":4}},"type":"if","locations":[{"start":{"line":30,"column":3},"end":{"line":34,"column":4}},{"start":{"line":32,"column":10},"end":{"line":34,"column":4}}]}},"s":{"0":1,"1":1,"2":1,"3":0,"4":0,"5":0,"6":0,"7":0,"8":0,"9":0,"10":0,"11":0,"12":1,"13":0,"14":0,"15":0,"16":0,"17":0,"18":0,"19":0,"20":1,"21":0,"22":0,"23":0,"24":0,"25":1,"26":1},"f":{"0":1,"1":0,"2":0,"3":0},"b":{"0":[0,0],"1":[0,0]}}
,"D:\\Users\\norbe\\repos\\C32\\MB-BE\\src\\controllers\\like.controller.ts": {"path":"D:\\Users\\norbe\\repos\\C32\\MB-BE\\src\\controllers\\like.controller.ts","statementMap":{"0":{"start":{"line":2,"column":0},"end":{"line":2,"column":56}},"1":{"start":{"line":4,"column":0},"end":{"line":4,"column":null}},"2":{"start":{"line":5,"column":14},"end":{"line":13,"column":null}},"3":{"start":{"line":7,"column":20},"end":{"line":7,"column":null}},"4":{"start":{"line":7,"column":9},"end":{"line":7,"column":null}},"5":{"start":{"line":8,"column":3},"end":{"line":8,"column":57}},"6":{"start":{"line":10,"column":3},"end":{"line":10,"column":22}},"7":{"start":{"line":11,"column":3},"end":{"line":11,"column":42}},"8":{"start":{"line":14,"column":0},"end":{"line":14,"column":null}}},"fnMap":{"0":{"name":"(anonymous_13)","decl":{"start":{"line":4,"column":0},"end":{"line":4,"column":null}},"loc":{"start":{"line":4,"column":0},"end":{"line":14,"column":null}}},"1":{"name":"(anonymous_15)","decl":{"start":{"line":5,"column":1},"end":{"line":5,"column":14}},"loc":{"start":{"line":5,"column":46},"end":{"line":13,"column":null}}}},"branchMap":{},"s":{"0":1,"1":1,"2":1,"3":0,"4":0,"5":0,"6":0,"7":0,"8":1},"f":{"0":1,"1":0},"b":{}}
,"D:\\Users\\norbe\\repos\\C32\\MB-BE\\src\\controllers\\message.controllers.ts": {"path":"D:\\Users\\norbe\\repos\\C32\\MB-BE\\src\\controllers\\message.controllers.ts","statementMap":{"0":{"start":{"line":2,"column":0},"end":{"line":2,"column":46}},"1":{"start":{"line":3,"column":0},"end":{"line":3,"column":63}},"2":{"start":{"line":5,"column":0},"end":{"line":5,"column":13}},"3":{"start":{"line":6,"column":17},"end":{"line":28,"column":null}},"4":{"start":{"line":8,"column":18},"end":{"line":8,"column":45}},"5":{"start":{"line":10,"column":29},"end":{"line":10,"column":null}},"6":{"start":{"line":10,"column":18},"end":{"line":10,"column":null}},"7":{"start":{"line":11,"column":12},"end":{"line":23,"column":13}},"8":{"start":{"line":12,"column":16},"end":{"line":12,"column":58}},"9":{"start":{"line":14,"column":22},"end":{"line":18,"column":19}},"10":{"start":{"line":19,"column":16},"end":{"line":22,"column":7}},"11":{"start":{"line":25,"column":12},"end":{"line":25,"column":31}},"12":{"start":{"line":26,"column":12},"end":{"line":26,"column":59}},"13":{"start":{"line":30,"column":14},"end":{"line":38,"column":null}},"14":{"start":{"line":32,"column":20},"end":{"line":32,"column":null}},"15":{"start":{"line":32,"column":9},"end":{"line":32,"column":null}},"16":{"start":{"line":33,"column":3},"end":{"line":33,"column":38}},"17":{"start":{"line":35,"column":3},"end":{"line":35,"column":22}},"18":{"start":{"line":36,"column":3},"end":{"line":36,"column":42}},"19":{"start":{"line":40,"column":14},"end":{"line":48,"column":null}},"20":{"start":{"line":42,"column":3},"end":{"line":42,"column":54}},"21":{"start":{"line":43,"column":3},"end":{"line":43,"column":69}},"22":{"start":{"line":45,"column":3},"end":{"line":45,"column":22}},"23":{"start":{"line":46,"column":3},"end":{"line":46,"column":42}},"24":{"start":{"line":49,"column":0},"end":{"line":49,"column":null}},"25":{"start":{"line":5,"column":13},"end":{"line":5,"column":31}}},"fnMap":{"0":{"name":"(anonymous_14)","decl":{"start":{"line":5,"column":0},"end":{"line":5,"column":13}},"loc":{"start":{"line":5,"column":0},"end":{"line":49,"column":null}}},"1":{"name":"(anonymous_16)","decl":{"start":{"line":6,"column":4},"end":{"line":6,"column":17}},"loc":{"start":{"line":6,"column":56},"end":{"line":28,"column":null}}},"2":{"name":"(anonymous_19)","decl":{"start":{"line":30,"column":1},"end":{"line":30,"column":14}},"loc":{"start":{"line":30,"column":57},"end":{"line":38,"column":null}}},"3":{"name":"(anonymous_22)","decl":{"start":{"line":40,"column":1},"end":{"line":40,"column":14}},"loc":{"start":{"line":40,"column":55},"end":{"line":48,"column":null}}}},"branchMap":{"0":{"loc":{"start":{"line":11,"column":12},"end":{"line":23,"column":13}},"type":"if","locations":[{"start":{"line":11,"column":12},"end":{"line":23,"column":13}},{"start":{"line":13,"column":19},"end":{"line":23,"column":13}}]}},"s":{"0":1,"1":1,"2":1,"3":1,"4":0,"5":0,"6":0,"7":0,"8":0,"9":0,"10":0,"11":0,"12":0,"13":1,"14":0,"15":0,"16":0,"17":0,"18":0,"19":1,"20":0,"21":0,"22":0,"23":0,"24":1,"25":1},"f":{"0":1,"1":0,"2":0,"3":0},"b":{"0":[0,0]}}
,"D:\\Users\\norbe\\repos\\C32\\MB-BE\\src\\controllers\\user.controllers.ts": {"path":"D:\\Users\\norbe\\repos\\C32\\MB-BE\\src\\controllers\\user.controllers.ts","statementMap":{"0":{"start":{"line":1,"column":0},"end":{"line":1,"column":53}},"1":{"start":{"line":3,"column":0},"end":{"line":3,"column":null}},"2":{"start":{"line":4,"column":17},"end":{"line":34,"column":null}},"3":{"start":{"line":6,"column":18},"end":{"line":6,"column":59}},"4":{"start":{"line":7,"column":18},"end":{"line":12,"column":14}},"5":{"start":{"line":14,"column":34},"end":{"line":14,"column":null}},"6":{"start":{"line":14,"column":18},"end":{"line":14,"column":null}},"7":{"start":{"line":15,"column":12},"end":{"line":25,"column":13}},"8":{"start":{"line":16,"column":16},"end":{"line":24,"column":17}},"9":{"start":{"line":17,"column":20},"end":{"line":17,"column":76}},"10":{"start":{"line":18,"column":23},"end":{"line":24,"column":17}},"11":{"start":{"line":19,"column":20},"end":{"line":21,"column":23}},"12":{"start":{"line":23,"column":20},"end":{"line":23,"column":58}},"13":{"start":{"line":27,"column":12},"end":{"line":27,"column":31}},"14":{"start":{"line":28,"column":12},"end":{"line":28,"column":28}},"15":{"start":{"line":29,"column":12},"end":{"line":32,"column":15}},"16":{"start":{"line":36,"column":17},"end":{"line":62,"column":null}},"17":{"start":{"line":38,"column":18},"end":{"line":38,"column":40}},"18":{"start":{"line":39,"column":18},"end":{"line":42,"column":14}},"19":{"start":{"line":43,"column":34},"end":{"line":43,"column":null}},"20":{"start":{"line":43,"column":18},"end":{"line":43,"column":null}},"21":{"start":{"line":44,"column":12},"end":{"line":53,"column":13}},"22":{"start":{"line":45,"column":16},"end":{"line":45,"column":72}},"23":{"start":{"line":46,"column":19},"end":{"line":53,"column":13}},"24":{"start":{"line":47,"column":16},"end":{"line":47,"column":67}},"25":{"start":{"line":49,"column":16},"end":{"line":52,"column":19}},"26":{"start":{"line":55,"column":12},"end":{"line":55,"column":31}},"27":{"start":{"line":56,"column":12},"end":{"line":56,"column":28}},"28":{"start":{"line":57,"column":12},"end":{"line":60,"column":15}},"29":{"start":{"line":64,"column":17},"end":{"line":79,"column":null}},"30":{"start":{"line":66,"column":36},"end":{"line":66,"column":null}},"31":{"start":{"line":66,"column":20},"end":{"line":66,"column":null}},"32":{"start":{"line":67,"column":16},"end":{"line":70,"column":19}},"33":{"start":{"line":72,"column":12},"end":{"line":72,"column":31}},"34":{"start":{"line":73,"column":12},"end":{"line":73,"column":28}},"35":{"start":{"line":74,"column":12},"end":{"line":77,"column":15}},"36":{"start":{"line":80,"column":0},"end":{"line":80,"column":null}}},"fnMap":{"0":{"name":"(anonymous_14)","decl":{"start":{"line":3,"column":0},"end":{"line":3,"column":null}},"loc":{"start":{"line":3,"column":0},"end":{"line":80,"column":null}}},"1":{"name":"(anonymous_16)","decl":{"start":{"line":4,"column":4},"end":{"line":4,"column":17}},"loc":{"start":{"line":4,"column":44},"end":{"line":34,"column":null}}},"2":{"name":"(anonymous_19)","decl":{"start":{"line":36,"column":4},"end":{"line":36,"column":17}},"loc":{"start":{"line":36,"column":45},"end":{"line":62,"column":null}}},"3":{"name":"(anonymous_22)","decl":{"start":{"line":64,"column":4},"end":{"line":64,"column":17}},"loc":{"start":{"line":64,"column":47},"end":{"line":79,"column":null}}}},"branchMap":{"0":{"loc":{"start":{"line":15,"column":12},"end":{"line":25,"column":13}},"type":"if","locations":[{"start":{"line":15,"column":12},"end":{"line":25,"column":13}}]},"1":{"loc":{"start":{"line":16,"column":16},"end":{"line":24,"column":17}},"type":"if","locations":[{"start":{"line":16,"column":16},"end":{"line":24,"column":17}},{"start":{"line":18,"column":23},"end":{"line":24,"column":17}}]},"2":{"loc":{"start":{"line":18,"column":23},"end":{"line":24,"column":17}},"type":"if","locations":[{"start":{"line":18,"column":23},"end":{"line":24,"column":17}},{"start":{"line":22,"column":23},"end":{"line":24,"column":17}}]},"3":{"loc":{"start":{"line":44,"column":12},"end":{"line":53,"column":13}},"type":"if","locations":[{"start":{"line":44,"column":12},"end":{"line":53,"column":13}},{"start":{"line":46,"column":19},"end":{"line":53,"column":13}}]},"4":{"loc":{"start":{"line":46,"column":19},"end":{"line":53,"column":13}},"type":"if","locations":[{"start":{"line":46,"column":19},"end":{"line":53,"column":13}},{"start":{"line":48,"column":19},"end":{"line":53,"column":13}}]},"5":{"loc":{"start":{"line":46,"column":23},"end":{"line":46,"column":95}},"type":"binary-expr","locations":[{"start":{"line":46,"column":23},"end":{"line":46,"column":58}},{"start":{"line":46,"column":62},"end":{"line":46,"column":95}}]}},"s":{"0":1,"1":1,"2":1,"3":0,"4":0,"5":0,"6":0,"7":0,"8":0,"9":0,"10":0,"11":0,"12":0,"13":0,"14":0,"15":0,"16":1,"17":0,"18":0,"19":0,"20":0,"21":0,"22":0,"23":0,"24":0,"25":0,"26":0,"27":0,"28":0,"29":1,"30":0,"31":0,"32":0,"33":0,"34":0,"35":0,"36":1},"f":{"0":1,"1":0,"2":0,"3":0},"b":{"0":[0],"1":[0,0],"2":[0,0],"3":[0,0],"4":[0,0],"5":[0,0]}}
,"D:\\Users\\norbe\\repos\\C32\\MB-BE\\src\\middlewares\\auth.mid.ts": {"path":"D:\\Users\\norbe\\repos\\C32\\MB-BE\\src\\middlewares\\auth.mid.ts","statementMap":{"0":{"start":{"line":1,"column":0},"end":{"line":1,"column":31}},"1":{"start":{"line":3,"column":0},"end":{"line":3,"column":44}},"2":{"start":{"line":5,"column":19},"end":{"line":5,"column":42}},"3":{"start":{"line":7,"column":23},"end":{"line":31,"column":2}},"4":{"start":{"line":7,"column":77},"end":{"line":31,"column":2}},"5":{"start":{"line":9,"column":8},"end":{"line":9,"column":50}},"6":{"start":{"line":10,"column":2},"end":{"line":12,"column":3}},"7":{"start":{"line":11,"column":3},"end":{"line":11,"column":62}},"8":{"start":{"line":14,"column":8},"end":{"line":14,"column":42}},"9":{"start":{"line":15,"column":8},"end":{"line":15,"column":84}},"10":{"start":{"line":16,"column":8},"end":{"line":16,"column":35}},"11":{"start":{"line":17,"column":8},"end":{"line":17,"column":33}},"12":{"start":{"line":19,"column":23},"end":{"line":19,"column":null}},"13":{"start":{"line":19,"column":8},"end":{"line":19,"column":null}},"14":{"start":{"line":20,"column":2},"end":{"line":22,"column":3}},"15":{"start":{"line":21,"column":3},"end":{"line":21,"column":62}},"16":{"start":{"line":24,"column":2},"end":{"line":24,"column":31}},"17":{"start":{"line":25,"column":2},"end":{"line":25,"column":29}},"18":{"start":{"line":26,"column":2},"end":{"line":26,"column":9}},"19":{"start":{"line":28,"column":2},"end":{"line":28,"column":41}},"20":{"start":{"line":29,"column":2},"end":{"line":29,"column":21}},"21":{"start":{"line":33,"column":0},"end":{"line":33,"column":30}}},"fnMap":{"0":{"name":"(anonymous_14)","decl":{"start":{"line":7,"column":23},"end":{"line":7,"column":30}},"loc":{"start":{"line":7,"column":77},"end":{"line":31,"column":2}}},"1":{"name":"(anonymous_15)","decl":{"start":{"line":7,"column":77},"end":{"line":7,"column":null}},"loc":{"start":{"line":7,"column":77},"end":{"line":31,"column":2}}}},"branchMap":{"0":{"loc":{"start":{"line":10,"column":2},"end":{"line":12,"column":3}},"type":"if","locations":[{"start":{"line":10,"column":2},"end":{"line":12,"column":3}}]},"1":{"loc":{"start":{"line":20,"column":2},"end":{"line":22,"column":3}},"type":"if","locations":[{"start":{"line":20,"column":2},"end":{"line":22,"column":3}}]}},"s":{"0":1,"1":1,"2":1,"3":1,"4":0,"5":0,"6":0,"7":0,"8":0,"9":0,"10":0,"11":0,"12":0,"13":0,"14":0,"15":0,"16":0,"17":0,"18":0,"19":0,"20":0,"21":1},"f":{"0":0,"1":0},"b":{"0":[0],"1":[0]}}
,"D:\\Users\\norbe\\repos\\C32\\MB-BE\\src\\middlewares\\auth.pass.ts": {"path":"D:\\Users\\norbe\\repos\\C32\\MB-BE\\src\\middlewares\\auth.pass.ts","statementMap":{"0":{"start":{"line":1,"column":0},"end":{"line":1,"column":32}},"1":{"start":{"line":2,"column":0},"end":{"line":2,"column":67}},"2":{"start":{"line":3,"column":0},"end":{"line":3,"column":44}},"3":{"start":{"line":7,"column":19},"end":{"line":7,"column":42}},"4":{"start":{"line":10,"column":1},"end":{"line":31,"column":3}},"5":{"start":{"line":16,"column":26},"end":{"line":29,"column":null}},"6":{"start":{"line":18,"column":5},"end":{"line":18,"column":41}},"7":{"start":{"line":19,"column":18},"end":{"line":19,"column":null}},"8":{"start":{"line":19,"column":11},"end":{"line":19,"column":null}},"9":{"start":{"line":20,"column":5},"end":{"line":23,"column":6}},"10":{"start":{"line":21,"column":6},"end":{"line":21,"column":36}},"11":{"start":{"line":22,"column":6},"end":{"line":22,"column":31}},"12":{"start":{"line":24,"column":5},"end":{"line":24,"column":29}},"13":{"start":{"line":26,"column":5},"end":{"line":26,"column":34}},"14":{"start":{"line":27,"column":5},"end":{"line":27,"column":22}},"15":{"start":{"line":34,"column":0},"end":{"line":34,"column":29}},"16":{"start":{"line":37,"column":1},"end":{"line":46,"column":20}},"17":{"start":{"line":38,"column":2},"end":{"line":40,"column":3}},"18":{"start":{"line":39,"column":3},"end":{"line":39,"column":20}},"19":{"start":{"line":41,"column":2},"end":{"line":43,"column":3}},"20":{"start":{"line":42,"column":3},"end":{"line":42,"column":85}},"21":{"start":{"line":44,"column":2},"end":{"line":44,"column":18}},"22":{"start":{"line":45,"column":2},"end":{"line":45,"column":9}},"23":{"start":{"line":36,"column":0},"end":{"line":36,"column":16}}},"fnMap":{"0":{"name":"Authenticator","decl":{"start":{"line":9,"column":15},"end":{"line":9,"column":28}},"loc":{"start":{"line":9,"column":28},"end":{"line":32,"column":null}}},"1":{"name":"(anonymous_17)","decl":{"start":{"line":16,"column":3},"end":{"line":16,"column":10}},"loc":{"start":{"line":16,"column":26},"end":{"line":29,"column":null}}},"2":{"name":"(anonymous_18)","decl":{"start":{"line":16,"column":26},"end":{"line":16,"column":null}},"loc":{"start":{"line":16,"column":26},"end":{"line":29,"column":null}}},"3":{"name":"ensureAuthenticated","decl":{"start":{"line":36,"column":16},"end":{"line":36,"column":35}},"loc":{"start":{"line":36,"column":107},"end":{"line":47,"column":1}}},"4":{"name":"(anonymous_21)","decl":{"start":{"line":37,"column":50},"end":{"line":37,"column":51}},"loc":{"start":{"line":37,"column":81},"end":{"line":46,"column":2}}}},"branchMap":{"0":{"loc":{"start":{"line":20,"column":5},"end":{"line":23,"column":6}},"type":"if","locations":[{"start":{"line":20,"column":5},"end":{"line":23,"column":6}}]},"1":{"loc":{"start":{"line":38,"column":2},"end":{"line":40,"column":3}},"type":"if","locations":[{"start":{"line":38,"column":2},"end":{"line":40,"column":3}}]},"2":{"loc":{"start":{"line":41,"column":2},"end":{"line":43,"column":3}},"type":"if","locations":[{"start":{"line":41,"column":2},"end":{"line":43,"column":3}}]}},"s":{"0":1,"1":1,"2":1,"3":1,"4":2,"5":0,"6":0,"7":0,"8":0,"9":0,"10":0,"11":0,"12":0,"13":0,"14":0,"15":1,"16":0,"17":0,"18":0,"19":0,"20":0,"21":0,"22":0,"23":1},"f":{"0":2,"1":0,"2":0,"3":0,"4":0},"b":{"0":[0],"1":[0],"2":[0]}}
,"D:\\Users\\norbe\\repos\\C32\\MB-BE\\src\\middlewares\\is.admin.ts": {"path":"D:\\Users\\norbe\\repos\\C32\\MB-BE\\src\\middlewares\\is.admin.ts","statementMap":{"0":{"start":{"line":2,"column":0},"end":{"line":2,"column":44}},"1":{"start":{"line":4,"column":16},"end":{"line":16,"column":2}},"2":{"start":{"line":4,"column":70},"end":{"line":16,"column":2}},"3":{"start":{"line":6,"column":15},"end":{"line":6,"column":null}},"4":{"start":{"line":6,"column":8},"end":{"line":6,"column":null}},"5":{"start":{"line":7,"column":8},"end":{"line":7,"column":null}},"6":{"start":{"line":8,"column":2},"end":{"line":10,"column":3}},"7":{"start":{"line":9,"column":3},"end":{"line":9,"column":85}},"8":{"start":{"line":12,"column":2},"end":{"line":12,"column":9}},"9":{"start":{"line":14,"column":2},"end":{"line":14,"column":68}},"10":{"start":{"line":18,"column":0},"end":{"line":18,"column":23}}},"fnMap":{"0":{"name":"(anonymous_13)","decl":{"start":{"line":4,"column":16},"end":{"line":4,"column":23}},"loc":{"start":{"line":4,"column":70},"end":{"line":16,"column":2}}},"1":{"name":"(anonymous_14)","decl":{"start":{"line":4,"column":70},"end":{"line":4,"column":null}},"loc":{"start":{"line":4,"column":70},"end":{"line":16,"column":2}}}},"branchMap":{"0":{"loc":{"start":{"line":8,"column":2},"end":{"line":10,"column":3}},"type":"if","locations":[{"start":{"line":8,"column":2},"end":{"line":10,"column":3}}]},"1":{"loc":{"start":{"line":8,"column":6},"end":{"line":8,"column":28}},"type":"binary-expr","locations":[{"start":{"line":8,"column":6},"end":{"line":8,"column":11}},{"start":{"line":8,"column":15},"end":{"line":8,"column":28}}]}},"s":{"0":1,"1":1,"2":0,"3":0,"4":0,"5":0,"6":0,"7":0,"8":0,"9":0,"10":1},"f":{"0":0,"1":0},"b":{"0":[0],"1":[0,0]}}
,"D:\\Users\\norbe\\repos\\C32\\MB-BE\\src\\middlewares\\multer.ts": {"path":"D:\\Users\\norbe\\repos\\C32\\MB-BE\\src\\middlewares\\multer.ts","statementMap":{"0":{"start":{"line":1,"column":0},"end":{"line":1,"column":47}},"1":{"start":{"line":4,"column":31},"end":{"line":19,"column":2}},"2":{"start":{"line":10,"column":4},"end":{"line":10,"column":32}},"3":{"start":{"line":17,"column":4},"end":{"line":17,"column":32}},"4":{"start":{"line":21,"column":15},"end":{"line":21,"column":43}},"5":{"start":{"line":23,"column":0},"end":{"line":23,"column":22}}},"fnMap":{"0":{"name":"(anonymous_1)","decl":{"start":{"line":5,"column":15},"end":{"line":5,"column":null}},"loc":{"start":{"line":8,"column":58},"end":{"line":11,"column":3}}},"1":{"name":"(anonymous_2)","decl":{"start":{"line":12,"column":12},"end":{"line":12,"column":null}},"loc":{"start":{"line":15,"column":55},"end":{"line":18,"column":3}}}},"branchMap":{},"s":{"0":1,"1":1,"2":0,"3":0,"4":1,"5":1},"f":{"0":0,"1":0},"b":{}}
,"D:\\Users\\norbe\\repos\\C32\\MB-BE\\src\\models\\article.model.ts": {"path":"D:\\Users\\norbe\\repos\\C32\\MB-BE\\src\\models\\article.model.ts","statementMap":{"0":{"start":{"line":1,"column":0},"end":{"line":1,"column":54}},"1":{"start":{"line":18,"column":39},"end":{"line":27,"column":2}},"2":{"start":{"line":29,"column":16},"end":{"line":29,"column":65}},"3":{"start":{"line":30,"column":0},"end":{"line":30,"column":23}}},"fnMap":{},"branchMap":{},"s":{"0":1,"1":1,"2":1,"3":1},"f":{},"b":{}}
,"D:\\Users\\norbe\\repos\\C32\\MB-BE\\src\\models\\message.model.ts": {"path":"D:\\Users\\norbe\\repos\\C32\\MB-BE\\src\\models\\message.model.ts","statementMap":{"0":{"start":{"line":1,"column":0},"end":{"line":1,"column":54}},"1":{"start":{"line":10,"column":30},"end":{"line":15,"column":2}},"2":{"start":{"line":17,"column":16},"end":{"line":17,"column":62}},"3":{"start":{"line":18,"column":0},"end":{"line":18,"column":23}}},"fnMap":{},"branchMap":{},"s":{"0":1,"1":1,"2":1,"3":1},"f":{},"b":{}}
,"D:\\Users\\norbe\\repos\\C32\\MB-BE\\src\\models\\user.model.ts": {"path":"D:\\Users\\norbe\\repos\\C32\\MB-BE\\src\\models\\user.model.ts","statementMap":{"0":{"start":{"line":1,"column":0},"end":{"line":1,"column":54}},"1":{"start":{"line":12,"column":19},"end":{"line":20,"column":22}},"2":{"start":{"line":22,"column":13},"end":{"line":22,"column":54}},"3":{"start":{"line":24,"column":9},"end":{"line":24,"column":13}}},"fnMap":{},"branchMap":{},"s":{"0":1,"1":1,"2":1,"3":1},"f":{},"b":{}}
,"D:\\Users\\norbe\\repos\\C32\\MB-BE\\src\\routes\\index.ts": {"path":"D:\\Users\\norbe\\repos\\C32\\MB-BE\\src\\routes\\index.ts","statementMap":{"0":{"start":{"line":1,"column":0},"end":{"line":1,"column":42}},"1":{"start":{"line":2,"column":0},"end":{"line":2,"column":43}},"2":{"start":{"line":3,"column":0},"end":{"line":3,"column":49}},"3":{"start":{"line":4,"column":0},"end":{"line":4,"column":49}},"4":{"start":{"line":5,"column":0},"end":{"line":5,"column":49}},"5":{"start":{"line":6,"column":0},"end":{"line":6,"column":41}},"6":{"start":{"line":8,"column":23},"end":{"line":8,"column":39}},"7":{"start":{"line":10,"column":0},"end":{"line":10,"column":33}},"8":{"start":{"line":11,"column":0},"end":{"line":11,"column":39}},"9":{"start":{"line":12,"column":0},"end":{"line":12,"column":39}},"10":{"start":{"line":13,"column":0},"end":{"line":13,"column":38}},"11":{"start":{"line":14,"column":0},"end":{"line":14,"column":34}},"12":{"start":{"line":17,"column":0},"end":{"line":17,"column":22}}},"fnMap":{},"branchMap":{},"s":{"0":1,"1":1,"2":1,"3":1,"4":1,"5":1,"6":1,"7":1,"8":1,"9":1,"10":1,"11":1,"12":1},"f":{},"b":{}}
,"D:\\Users\\norbe\\repos\\C32\\MB-BE\\src\\routes\\api\\article.routes.ts": {"path":"D:\\Users\\norbe\\repos\\C32\\MB-BE\\src\\routes\\api\\article.routes.ts","statementMap":{"0":{"start":{"line":1,"column":0},"end":{"line":1,"column":42}},"1":{"start":{"line":2,"column":0},"end":{"line":2,"column":75}},"2":{"start":{"line":3,"column":0},"end":{"line":3,"column":81}},"3":{"start":{"line":4,"column":0},"end":{"line":4,"column":49}},"4":{"start":{"line":5,"column":0},"end":{"line":5,"column":46}},"5":{"start":{"line":7,"column":0},"end":{"line":7,"column":16}},"6":{"start":{"line":9,"column":22},"end":{"line":9,"column":38}},"7":{"start":{"line":11,"column":0},"end":{"line":11,"column":101}},"8":{"start":{"line":12,"column":0},"end":{"line":12,"column":48}},"9":{"start":{"line":13,"column":0},"end":{"line":13,"column":56}},"10":{"start":{"line":14,"column":0},"end":{"line":14,"column":82}},"11":{"start":{"line":15,"column":0},"end":{"line":15,"column":102}},"12":{"start":{"line":17,"column":0},"end":{"line":17,"column":21}}},"fnMap":{},"branchMap":{},"s":{"0":1,"1":1,"2":1,"3":1,"4":1,"5":1,"6":1,"7":1,"8":1,"9":1,"10":1,"11":1,"12":1},"f":{},"b":{}}
,"D:\\Users\\norbe\\repos\\C32\\MB-BE\\src\\routes\\api\\comment.routes.ts": {"path":"D:\\Users\\norbe\\repos\\C32\\MB-BE\\src\\routes\\api\\comment.routes.ts","statementMap":{"0":{"start":{"line":1,"column":0},"end":{"line":1,"column":30}},"1":{"start":{"line":2,"column":0},"end":{"line":2,"column":74}},"2":{"start":{"line":3,"column":0},"end":{"line":3,"column":56}},"3":{"start":{"line":5,"column":14},"end":{"line":5,"column":30}},"4":{"start":{"line":7,"column":0},"end":{"line":7,"column":72}},"5":{"start":{"line":8,"column":0},"end":{"line":8,"column":62}},"6":{"start":{"line":9,"column":0},"end":{"line":9,"column":68}},"7":{"start":{"line":11,"column":0},"end":{"line":11,"column":21}}},"fnMap":{},"branchMap":{},"s":{"0":1,"1":1,"2":1,"3":1,"4":1,"5":1,"6":1,"7":1},"f":{},"b":{}}
,"D:\\Users\\norbe\\repos\\C32\\MB-BE\\src\\routes\\api\\like.route.ts": {"path":"D:\\Users\\norbe\\repos\\C32\\MB-BE\\src\\routes\\api\\like.route.ts","statementMap":{"0":{"start":{"line":1,"column":0},"end":{"line":1,"column":30}},"1":{"start":{"line":2,"column":0},"end":{"line":2,"column":63}},"2":{"start":{"line":3,"column":0},"end":{"line":3,"column":56}},"3":{"start":{"line":4,"column":14},"end":{"line":4,"column":30}},"4":{"start":{"line":6,"column":0},"end":{"line":6,"column":59}},"5":{"start":{"line":8,"column":0},"end":{"line":8,"column":21}}},"fnMap":{},"branchMap":{},"s":{"0":1,"1":1,"2":1,"3":1,"4":1,"5":1},"f":{},"b":{}}
,"D:\\Users\\norbe\\repos\\C32\\MB-BE\\src\\routes\\api\\message.routes.ts": {"path":"D:\\Users\\norbe\\repos\\C32\\MB-BE\\src\\routes\\api\\message.routes.ts","statementMap":{"0":{"start":{"line":1,"column":0},"end":{"line":1,"column":42}},"1":{"start":{"line":2,"column":0},"end":{"line":2,"column":75}},"2":{"start":{"line":3,"column":0},"end":{"line":3,"column":81}},"3":{"start":{"line":4,"column":0},"end":{"line":4,"column":49}},"4":{"start":{"line":6,"column":22},"end":{"line":6,"column":38}},"5":{"start":{"line":8,"column":0},"end":{"line":12,"column":3}},"6":{"start":{"line":9,"column":4},"end":{"line":9,"column":52}},"7":{"start":{"line":10,"column":4},"end":{"line":10,"column":82}},"8":{"start":{"line":11,"column":4},"end":{"line":11,"column":86}},"9":{"start":{"line":15,"column":0},"end":{"line":15,"column":21}}},"fnMap":{"0":{"name":"(anonymous_7)","decl":{"start":{"line":8,"column":21},"end":{"line":8,"column":null}},"loc":{"start":{"line":8,"column":21},"end":{"line":12,"column":1}}}},"branchMap":{},"s":{"0":1,"1":1,"2":1,"3":1,"4":1,"5":1,"6":1,"7":1,"8":1,"9":1},"f":{"0":1},"b":{}}
,"D:\\Users\\norbe\\repos\\C32\\MB-BE\\src\\routes\\api\\user.routes.ts": {"path":"D:\\Users\\norbe\\repos\\C32\\MB-BE\\src\\routes\\api\\user.routes.ts","statementMap":{"0":{"start":{"line":1,"column":0},"end":{"line":1,"column":30}},"1":{"start":{"line":2,"column":0},"end":{"line":2,"column":65}},"2":{"start":{"line":3,"column":0},"end":{"line":3,"column":66}},"3":{"start":{"line":4,"column":0},"end":{"line":4,"column":49}},"4":{"start":{"line":6,"column":14},"end":{"line":6,"column":30}},"5":{"start":{"line":8,"column":0},"end":{"line":8,"column":48}},"6":{"start":{"line":9,"column":0},"end":{"line":9,"column":48}},"7":{"start":{"line":10,"column":0},"end":{"line":10,"column":71}},"8":{"start":{"line":12,"column":0},"end":{"line":12,"column":21}}},"fnMap":{},"branchMap":{},"s":{"0":1,"1":1,"2":1,"3":1,"4":1,"5":1,"6":1,"7":1,"8":1},"f":{},"b":{}}
,"D:\\Users\\norbe\\repos\\C32\\MB-BE\\src\\services\\article.services.ts": {"path":"D:\\Users\\norbe\\repos\\C32\\MB-BE\\src\\services\\article.services.ts","statementMap":{"0":{"start":{"line":1,"column":0},"end":{"line":1,"column":46}},"1":{"start":{"line":2,"column":0},"end":{"line":2,"column":32}},"2":{"start":{"line":3,"column":0},"end":{"line":3,"column":64}},"3":{"start":{"line":5,"column":15},"end":{"line":5,"column":38}},"4":{"start":{"line":7,"column":0},"end":{"line":7,"column":null}},"5":{"start":{"line":8,"column":14},"end":{"line":18,"column":null}},"6":{"start":{"line":9,"column":8},"end":{"line":9,"column":27}},"7":{"start":{"line":11,"column":6},"end":{"line":11,"column":11}},"8":{"start":{"line":12,"column":3},"end":{"line":12,"column":55}},"9":{"start":{"line":12,"column":42},"end":{"line":12,"column":54}},"10":{"start":{"line":14,"column":9},"end":{"line":14,"column":38}},"11":{"start":{"line":15,"column":3},"end":{"line":15,"column":24}},"12":{"start":{"line":16,"column":3},"end":{"line":16,"column":15}},"13":{"start":{"line":20,"column":14},"end":{"line":23,"column":null}},"14":{"start":{"line":21,"column":19},"end":{"line":21,"column":null}},"15":{"start":{"line":21,"column":8},"end":{"line":21,"column":null}},"16":{"start":{"line":22,"column":2},"end":{"line":22,"column":18}},"17":{"start":{"line":25,"column":14},"end":{"line":28,"column":null}},"18":{"start":{"line":26,"column":18},"end":{"line":26,"column":null}},"19":{"start":{"line":26,"column":8},"end":{"line":26,"column":null}},"20":{"start":{"line":27,"column":2},"end":{"line":27,"column":17}},"21":{"start":{"line":30,"column":14},"end":{"line":36,"column":null}},"22":{"start":{"line":31,"column":18},"end":{"line":31,"column":null}},"23":{"start":{"line":31,"column":8},"end":{"line":31,"column":null}},"24":{"start":{"line":32,"column":2},"end":{"line":34,"column":3}},"25":{"start":{"line":33,"column":3},"end":{"line":33,"column":40}},"26":{"start":{"line":35,"column":9},"end":{"line":35,"column":46}},"27":{"start":{"line":35,"column":2},"end":{"line":35,"column":46}},"28":{"start":{"line":38,"column":14},"end":{"line":60,"column":null}},"29":{"start":{"line":39,"column":8},"end":{"line":39,"column":27}},"30":{"start":{"line":40,"column":6},"end":{"line":40,"column":11}},"31":{"start":{"line":41,"column":3},"end":{"line":41,"column":55}},"32":{"start":{"line":41,"column":42},"end":{"line":41,"column":54}},"33":{"start":{"line":43,"column":9},"end":{"line":43,"column":30}},"34":{"start":{"line":44,"column":3},"end":{"line":44,"column":22}},"35":{"start":{"line":45,"column":3},"end":{"line":47,"column":4}},"36":{"start":{"line":46,"column":4},"end":{"line":46,"column":34}},"37":{"start":{"line":48,"column":3},"end":{"line":50,"column":4}},"38":{"start":{"line":49,"column":4},"end":{"line":49,"column":38}},"39":{"start":{"line":51,"column":3},"end":{"line":53,"column":4}},"40":{"start":{"line":52,"column":4},"end":{"line":52,"column":34}},"41":{"start":{"line":54,"column":19},"end":{"line":54,"column":null}},"42":{"start":{"line":54,"column":9},"end":{"line":54,"column":null}},"43":{"start":{"line":55,"column":3},"end":{"line":57,"column":4}},"44":{"start":{"line":56,"column":4},"end":{"line":56,"column":41}},"45":{"start":{"line":58,"column":3},"end":{"line":58,"column":18}},"46":{"start":{"line":61,"column":0},"end":{"line":61,"column":null}}},"fnMap":{"0":{"name":"(anonymous_14)","decl":{"start":{"line":7,"column":0},"end":{"line":7,"column":null}},"loc":{"start":{"line":7,"column":0},"end":{"line":61,"column":null}}},"1":{"name":"(anonymous_16)","decl":{"start":{"line":8,"column":1},"end":{"line":8,"column":14}},"loc":{"start":{"line":8,"column":35},"end":{"line":18,"column":null}}},"2":{"name":"(anonymous_19)","decl":{"start":{"line":12,"column":28},"end":{"line":12,"column":29}},"loc":{"start":{"line":12,"column":37},"end":{"line":12,"column":45}}},"3":{"name":"(anonymous_20)","decl":{"start":{"line":20,"column":1},"end":{"line":20,"column":14}},"loc":{"start":{"line":20,"column":1},"end":{"line":23,"column":null}}},"4":{"name":"(anonymous_23)","decl":{"start":{"line":25,"column":1},"end":{"line":25,"column":14}},"loc":{"start":{"line":25,"column":45},"end":{"line":28,"column":null}}},"5":{"name":"(anonymous_26)","decl":{"start":{"line":30,"column":1},"end":{"line":30,"column":14}},"loc":{"start":{"line":30,"column":38},"end":{"line":36,"column":null}}},"6":{"name":"(anonymous_29)","decl":{"start":{"line":38,"column":1},"end":{"line":38,"column":14}},"loc":{"start":{"line":38,"column":47},"end":{"line":60,"column":null}}},"7":{"name":"(anonymous_32)","decl":{"start":{"line":41,"column":28},"end":{"line":41,"column":29}},"loc":{"start":{"line":41,"column":37},"end":{"line":41,"column":45}}}},"branchMap":{"0":{"loc":{"start":{"line":11,"column":6},"end":{"line":11,"column":11}},"type":"if","locations":[{"start":{"line":11,"column":6},"end":{"line":11,"column":11}}]},"1":{"loc":{"start":{"line":21,"column":19},"end":{"line":21,"column":null}},"type":"switch","locations":[{"start":{"line":21,"column":19},"end":{"line":21,"column":null}}]},"2":{"loc":{"start":{"line":26,"column":18},"end":{"line":26,"column":null}},"type":"switch","locations":[{"start":{"line":26,"column":18},"end":{"line":26,"column":null}}]},"3":{"loc":{"start":{"line":31,"column":18},"end":{"line":31,"column":null}},"type":"switch","locations":[{"start":{"line":31,"column":18},"end":{"line":31,"column":null}},{"start":{"line":35,"column":2},"end":{"line":35,"column":46}}]},"4":{"loc":{"start":{"line":32,"column":2},"end":{"line":34,"column":3}},"type":"if","locations":[{"start":{"line":32,"column":2},"end":{"line":34,"column":3}}]},"5":{"loc":{"start":{"line":40,"column":6},"end":{"line":40,"column":11}},"type":"if","locations":[{"start":{"line":40,"column":6},"end":{"line":40,"column":11}}]},"6":{"loc":{"start":{"line":45,"column":3},"end":{"line":47,"column":4}},"type":"if","locations":[{"start":{"line":45,"column":3},"end":{"line":47,"column":4}}]},"7":{"loc":{"start":{"line":48,"column":3},"end":{"line":50,"column":4}},"type":"if","locations":[{"start":{"line":48,"column":3},"end":{"line":50,"column":4}}]},"8":{"loc":{"start":{"line":51,"column":3},"end":{"line":53,"column":4}},"type":"if","locations":[{"start":{"line":51,"column":3},"end":{"line":53,"column":4}}]},"9":{"loc":{"start":{"line":55,"column":3},"end":{"line":57,"column":4}},"type":"if","locations":[{"start":{"line":55,"column":3},"end":{"line":57,"column":4}}]}},"s":{"0":1,"1":1,"2":1,"3":1,"4":1,"5":1,"6":0,"7":0,"8":0,"9":0,"10":0,"11":0,"12":0,"13":1,"14":1,"15":1,"16":1,"17":1,"18":0,"19":0,"20":0,"21":1,"22":0,"23":0,"24":0,"25":0,"26":0,"27":0,"28":1,"29":0,"30":0,"31":0,"32":0,"33":0,"34":0,"35":0,"36":0,"37":0,"38":0,"39":0,"40":0,"41":0,"42":0,"43":0,"44":0,"45":0,"46":1},"f":{"0":1,"1":0,"2":0,"3":1,"4":0,"5":0,"6":0,"7":0},"b":{"0":[0],"1":[1],"2":[0],"3":[0,0],"4":[0],"5":[0],"6":[0],"7":[0],"8":[0],"9":[0]}}
,"D:\\Users\\norbe\\repos\\C32\\MB-BE\\src\\services\\comment.services.ts": {"path":"D:\\Users\\norbe\\repos\\C32\\MB-BE\\src\\services\\comment.services.ts","statementMap":{"0":{"start":{"line":1,"column":0},"end":{"line":1,"column":46}},"1":{"start":{"line":2,"column":0},"end":{"line":2,"column":64}},"2":{"start":{"line":4,"column":0},"end":{"line":4,"column":13}},"3":{"start":{"line":5,"column":14},"end":{"line":20,"column":null}},"4":{"start":{"line":6,"column":2},"end":{"line":6,"column":20}},"5":{"start":{"line":7,"column":10},"end":{"line":7,"column":20}},"6":{"start":{"line":9,"column":2},"end":{"line":11,"column":3}},"7":{"start":{"line":10,"column":3},"end":{"line":10,"column":48}},"8":{"start":{"line":10,"column":35},"end":{"line":10,"column":47}},"9":{"start":{"line":12,"column":18},"end":{"line":12,"column":null}},"10":{"start":{"line":12,"column":8},"end":{"line":12,"column":null}},"11":{"start":{"line":13,"column":2},"end":{"line":15,"column":3}},"12":{"start":{"line":14,"column":3},"end":{"line":14,"column":40}},"13":{"start":{"line":16,"column":2},"end":{"line":16,"column":30}},"14":{"start":{"line":17,"column":2},"end":{"line":17,"column":32}},"15":{"start":{"line":18,"column":2},"end":{"line":18,"column":23}},"16":{"start":{"line":19,"column":2},"end":{"line":19,"column":14}},"17":{"start":{"line":22,"column":14},"end":{"line":28,"column":null}},"18":{"start":{"line":23,"column":18},"end":{"line":23,"column":null}},"19":{"start":{"line":23,"column":8},"end":{"line":23,"column":null}},"20":{"start":{"line":24,"column":2},"end":{"line":26,"column":3}},"21":{"start":{"line":25,"column":3},"end":{"line":25,"column":40}},"22":{"start":{"line":27,"column":2},"end":{"line":27,"column":26}},"23":{"start":{"line":30,"column":14},"end":{"line":38,"column":null}},"24":{"start":{"line":31,"column":18},"end":{"line":31,"column":null}},"25":{"start":{"line":31,"column":8},"end":{"line":31,"column":null}},"26":{"start":{"line":32,"column":2},"end":{"line":34,"column":3}},"27":{"start":{"line":33,"column":3},"end":{"line":33,"column":40}},"28":{"start":{"line":35,"column":8},"end":{"line":35,"column":79}},"29":{"start":{"line":35,"column":59},"end":{"line":35,"column":78}},"30":{"start":{"line":36,"column":2},"end":{"line":36,"column":33}},"31":{"start":{"line":37,"column":9},"end":{"line":37,"column":30}},"32":{"start":{"line":37,"column":2},"end":{"line":37,"column":30}},"33":{"start":{"line":39,"column":0},"end":{"line":39,"column":null}},"34":{"start":{"line":4,"column":13},"end":{"line":4,"column":28}}},"fnMap":{"0":{"name":"(anonymous_14)","decl":{"start":{"line":4,"column":0},"end":{"line":4,"column":13}},"loc":{"start":{"line":4,"column":0},"end":{"line":39,"column":null}}},"1":{"name":"(anonymous_16)","decl":{"start":{"line":5,"column":1},"end":{"line":5,"column":14}},"loc":{"start":{"line":5,"column":51},"end":{"line":20,"column":null}}},"2":{"name":"(anonymous_19)","decl":{"start":{"line":10,"column":28},"end":{"line":10,"column":31}},"loc":{"start":{"line":10,"column":31},"end":{"line":10,"column":38}}},"3":{"name":"(anonymous_20)","decl":{"start":{"line":22,"column":1},"end":{"line":22,"column":14}},"loc":{"start":{"line":22,"column":40},"end":{"line":28,"column":null}}},"4":{"name":"(anonymous_23)","decl":{"start":{"line":30,"column":1},"end":{"line":30,"column":14}},"loc":{"start":{"line":30,"column":52},"end":{"line":38,"column":null}}},"5":{"name":"(anonymous_26)","decl":{"start":{"line":35,"column":46},"end":{"line":35,"column":47}},"loc":{"start":{"line":35,"column":54},"end":{"line":35,"column":66}}}},"branchMap":{"0":{"loc":{"start":{"line":9,"column":2},"end":{"line":11,"column":3}},"type":"if","locations":[{"start":{"line":9,"column":2},"end":{"line":11,"column":3}}]},"1":{"loc":{"start":{"line":13,"column":2},"end":{"line":15,"column":3}},"type":"if","locations":[{"start":{"line":13,"column":2},"end":{"line":15,"column":3}}]},"2":{"loc":{"start":{"line":23,"column":18},"end":{"line":23,"column":null}},"type":"switch","locations":[{"start":{"line":23,"column":18},"end":{"line":23,"column":null}}]},"3":{"loc":{"start":{"line":24,"column":2},"end":{"line":26,"column":3}},"type":"if","locations":[{"start":{"line":24,"column":2},"end":{"line":26,"column":3}}]},"4":{"loc":{"start":{"line":31,"column":18},"end":{"line":31,"column":null}},"type":"switch","locations":[{"start":{"line":31,"column":18},"end":{"line":31,"column":null}},{"start":{"line":37,"column":2},"end":{"line":37,"column":30}}]},"5":{"loc":{"start":{"line":32,"column":2},"end":{"line":34,"column":3}},"type":"if","locations":[{"start":{"line":32,"column":2},"end":{"line":34,"column":3}}]}},"s":{"0":1,"1":1,"2":1,"3":1,"4":0,"5":0,"6":0,"7":0,"8":0,"9":0,"10":0,"11":0,"12":0,"13":0,"14":0,"15":0,"16":0,"17":1,"18":0,"19":0,"20":0,"21":0,"22":0,"23":1,"24":0,"25":0,"26":0,"27":0,"28":0,"29":0,"30":0,"31":0,"32":0,"33":1,"34":1},"f":{"0":1,"1":0,"2":0,"3":0,"4":0,"5":0},"b":{"0":[0],"1":[0],"2":[0],"3":[0],"4":[0,0],"5":[0]}}
,"D:\\Users\\norbe\\repos\\C32\\MB-BE\\src\\services\\like.service.ts": {"path":"D:\\Users\\norbe\\repos\\C32\\MB-BE\\src\\services\\like.service.ts","statementMap":{"0":{"start":{"line":1,"column":0},"end":{"line":1,"column":46}},"1":{"start":{"line":2,"column":0},"end":{"line":2,"column":32}},"2":{"start":{"line":4,"column":0},"end":{"line":4,"column":13}},"3":{"start":{"line":5,"column":14},"end":{"line":34,"column":null}},"4":{"start":{"line":6,"column":2},"end":{"line":6,"column":18}},"5":{"start":{"line":7,"column":18},"end":{"line":7,"column":null}},"6":{"start":{"line":7,"column":8},"end":{"line":7,"column":null}},"7":{"start":{"line":8,"column":2},"end":{"line":10,"column":9}},"8":{"start":{"line":9,"column":3},"end":{"line":9,"column":40}},"9":{"start":{"line":12,"column":6},"end":{"line":12,"column":13}},"10":{"start":{"line":13,"column":7},"end":{"line":13,"column":77}},"11":{"start":{"line":14,"column":7},"end":{"line":14,"column":65}},"12":{"start":{"line":14,"column":52},"end":{"line":14,"column":64}},"13":{"start":{"line":15,"column":3},"end":{"line":18,"column":5}},"14":{"start":{"line":19,"column":3},"end":{"line":19,"column":18}},"15":{"start":{"line":21,"column":7},"end":{"line":21,"column":41}},"16":{"start":{"line":22,"column":7},"end":{"line":22,"column":42}},"17":{"start":{"line":23,"column":3},"end":{"line":23,"column":17}},"18":{"start":{"line":24,"column":3},"end":{"line":27,"column":5}},"19":{"start":{"line":28,"column":3},"end":{"line":28,"column":18}},"20":{"start":{"line":31,"column":23},"end":{"line":31,"column":null}},"21":{"start":{"line":31,"column":8},"end":{"line":31,"column":null}},"22":{"start":{"line":33,"column":2},"end":{"line":33,"column":50}},"23":{"start":{"line":35,"column":0},"end":{"line":35,"column":null}},"24":{"start":{"line":4,"column":13},"end":{"line":4,"column":25}}},"fnMap":{"0":{"name":"(anonymous_15)","decl":{"start":{"line":4,"column":0},"end":{"line":4,"column":13}},"loc":{"start":{"line":4,"column":0},"end":{"line":35,"column":null}}},"1":{"name":"(anonymous_17)","decl":{"start":{"line":5,"column":1},"end":{"line":5,"column":14}},"loc":{"start":{"line":5,"column":44},"end":{"line":34,"column":null}}},"2":{"name":"(anonymous_20)","decl":{"start":{"line":14,"column":37},"end":{"line":14,"column":38}},"loc":{"start":{"line":14,"column":47},"end":{"line":14,"column":53}}}},"branchMap":{"0":{"loc":{"start":{"line":31,"column":23},"end":{"line":31,"column":null}},"type":"switch","locations":[{"start":{"line":31,"column":23},"end":{"line":31,"column":null}}]},"1":{"loc":{"start":{"line":8,"column":2},"end":{"line":10,"column":9}},"type":"if","locations":[{"start":{"line":8,"column":2},"end":{"line":10,"column":9}}]},"2":{"loc":{"start":{"line":12,"column":6},"end":{"line":12,"column":13}},"type":"if","locations":[{"start":{"line":12,"column":6},"end":{"line":12,"column":13}}]},"3":{"loc":{"start":{"line":13,"column":11},"end":{"line":13,"column":76}},"type":"cond-expr","locations":[{"start":{"line":13,"column":43},"end":{"line":13,"column":72}},{"start":{"line":13,"column":75},"end":{"line":13,"column":76}}]}},"s":{"0":1,"1":1,"2":1,"3":1,"4":0,"5":0,"6":0,"7":0,"8":0,"9":0,"10":0,"11":0,"12":0,"13":0,"14":0,"15":0,"16":0,"17":0,"18":0,"19":0,"20":0,"21":0,"22":0,"23":1,"24":1},"f":{"0":1,"1":0,"2":0},"b":{"0":[0],"1":[0],"2":[0],"3":[0,0]}}
,"D:\\Users\\norbe\\repos\\C32\\MB-BE\\src\\services\\message.services.ts": {"path":"D:\\Users\\norbe\\repos\\C32\\MB-BE\\src\\services\\message.services.ts","statementMap":{"0":{"start":{"line":1,"column":0},"end":{"line":1,"column":56}},"1":{"start":{"line":2,"column":0},"end":{"line":2,"column":60}},"2":{"start":{"line":3,"column":0},"end":{"line":3,"column":36}},"3":{"start":{"line":5,"column":0},"end":{"line":5,"column":13}},"4":{"start":{"line":6,"column":15},"end":{"line":41,"column":null}},"5":{"start":{"line":7,"column":10},"end":{"line":7,"column":29}},"6":{"start":{"line":9,"column":8},"end":{"line":9,"column":13}},"7":{"start":{"line":10,"column":6},"end":{"line":10,"column":53}},"8":{"start":{"line":10,"column":40},"end":{"line":10,"column":52}},"9":{"start":{"line":12,"column":14},"end":{"line":12,"column":39}},"10":{"start":{"line":14,"column":10},"end":{"line":23,"column":9}},"11":{"start":{"line":24,"column":10},"end":{"line":29,"column":8}},"12":{"start":{"line":31,"column":8},"end":{"line":31,"column":48}},"13":{"start":{"line":33,"column":14},"end":{"line":33,"column":47}},"14":{"start":{"line":34,"column":8},"end":{"line":34,"column":33}},"15":{"start":{"line":35,"column":8},"end":{"line":35,"column":20}},"16":{"start":{"line":37,"column":8},"end":{"line":37,"column":29}},"17":{"start":{"line":38,"column":8},"end":{"line":38,"column":42}},"18":{"start":{"line":43,"column":15},"end":{"line":46,"column":null}},"19":{"start":{"line":44,"column":21},"end":{"line":44,"column":null}},"20":{"start":{"line":44,"column":10},"end":{"line":44,"column":null}},"21":{"start":{"line":45,"column":4},"end":{"line":45,"column":20}},"22":{"start":{"line":48,"column":15},"end":{"line":50,"column":null}},"23":{"start":{"line":49,"column":11},"end":{"line":49,"column":48}},"24":{"start":{"line":49,"column":4},"end":{"line":49,"column":48}},"25":{"start":{"line":51,"column":0},"end":{"line":51,"column":null}},"26":{"start":{"line":5,"column":13},"end":{"line":5,"column":28}}},"fnMap":{"0":{"name":"(anonymous_14)","decl":{"start":{"line":5,"column":0},"end":{"line":5,"column":13}},"loc":{"start":{"line":5,"column":0},"end":{"line":51,"column":null}}},"1":{"name":"(anonymous_16)","decl":{"start":{"line":6,"column":2},"end":{"line":6,"column":15}},"loc":{"start":{"line":6,"column":36},"end":{"line":41,"column":null}}},"2":{"name":"(anonymous_19)","decl":{"start":{"line":10,"column":31},"end":{"line":10,"column":32}},"loc":{"start":{"line":10,"column":35},"end":{"line":10,"column":43}}},"3":{"name":"(anonymous_20)","decl":{"start":{"line":43,"column":2},"end":{"line":43,"column":15}},"loc":{"start":{"line":43,"column":2},"end":{"line":46,"column":null}}},"4":{"name":"(anonymous_23)","decl":{"start":{"line":48,"column":2},"end":{"line":48,"column":15}},"loc":{"start":{"line":48,"column":39},"end":{"line":50,"column":null}}}},"branchMap":{"0":{"loc":{"start":{"line":9,"column":8},"end":{"line":9,"column":13}},"type":"if","locations":[{"start":{"line":9,"column":8},"end":{"line":9,"column":13}}]},"1":{"loc":{"start":{"line":44,"column":21},"end":{"line":44,"column":null}},"type":"switch","locations":[{"start":{"line":44,"column":21},"end":{"line":44,"column":null}}]},"2":{"loc":{"start":{"line":49,"column":11},"end":{"line":49,"column":48}},"type":"switch","locations":[{"start":{"line":49,"column":11},"end":{"line":49,"column":48}},{"start":{"line":49,"column":4},"end":{"line":49,"column":48}}]}},"s":{"0":1,"1":1,"2":1,"3":1,"4":1,"5":0,"6":0,"7":0,"8":0,"9":0,"10":0,"11":0,"12":0,"13":0,"14":0,"15":0,"16":0,"17":0,"18":1,"19":0,"20":0,"21":0,"22":1,"23":0,"24":0,"25":1,"26":1},"f":{"0":1,"1":0,"2":0,"3":0,"4":0},"b":{"0":[0],"1":[0],"2":[0,0]}}
,"D:\\Users\\norbe\\repos\\C32\\MB-BE\\src\\services\\user.services.ts": {"path":"D:\\Users\\norbe\\repos\\C32\\MB-BE\\src\\services\\user.services.ts","statementMap":{"0":{"start":{"line":1,"column":0},"end":{"line":1,"column":44}},"1":{"start":{"line":2,"column":0},"end":{"line":2,"column":28}},"2":{"start":{"line":3,"column":0},"end":{"line":3,"column":31}},"3":{"start":{"line":4,"column":0},"end":{"line":4,"column":58}},"4":{"start":{"line":6,"column":19},"end":{"line":6,"column":42}},"5":{"start":{"line":8,"column":0},"end":{"line":8,"column":null}},"6":{"start":{"line":9,"column":15},"end":{"line":48,"column":null}},"7":{"start":{"line":10,"column":10},"end":{"line":10,"column":29}},"8":{"start":{"line":11,"column":8},"end":{"line":11,"column":13}},"9":{"start":{"line":12,"column":8},"end":{"line":12,"column":77}},"10":{"start":{"line":12,"column":59},"end":{"line":12,"column":74}},"11":{"start":{"line":14,"column":28},"end":{"line":14,"column":null}},"12":{"start":{"line":14,"column":12},"end":{"line":14,"column":null}},"13":{"start":{"line":15,"column":10},"end":{"line":15,"column":23}},"14":{"start":{"line":16,"column":8},"end":{"line":16,"column":44}},"15":{"start":{"line":18,"column":31},"end":{"line":18,"column":null}},"16":{"start":{"line":18,"column":14},"end":{"line":18,"column":null}},"17":{"start":{"line":19,"column":14},"end":{"line":24,"column":11}},"18":{"start":{"line":25,"column":8},"end":{"line":25,"column":29}},"19":{"start":{"line":27,"column":12},"end":{"line":35,"column":10}},"20":{"start":{"line":36,"column":8},"end":{"line":45,"column":10}},"21":{"start":{"line":50,"column":15},"end":{"line":78,"column":null}},"22":{"start":{"line":51,"column":10},"end":{"line":51,"column":29}},"23":{"start":{"line":52,"column":8},"end":{"line":52,"column":13}},"24":{"start":{"line":53,"column":6},"end":{"line":53,"column":69}},"25":{"start":{"line":53,"column":54},"end":{"line":53,"column":66}},"26":{"start":{"line":55,"column":27},"end":{"line":55,"column":null}},"27":{"start":{"line":55,"column":12},"end":{"line":55,"column":null}},"28":{"start":{"line":56,"column":10},"end":{"line":56,"column":11}},"29":{"start":{"line":57,"column":8},"end":{"line":57,"column":38}},"30":{"start":{"line":59,"column":12},"end":{"line":66,"column":10}},"31":{"start":{"line":67,"column":30},"end":{"line":70,"column":null}},"32":{"start":{"line":67,"column":14},"end":{"line":70,"column":null}},"33":{"start":{"line":71,"column":8},"end":{"line":75,"column":9}},"34":{"start":{"line":72,"column":10},"end":{"line":72,"column":38}},"35":{"start":{"line":74,"column":10},"end":{"line":74,"column":null}},"36":{"start":{"line":80,"column":15},"end":{"line":82,"column":null}},"37":{"start":{"line":81,"column":4},"end":{"line":81,"column":22}},"38":{"start":{"line":84,"column":15},"end":{"line":89,"column":null}},"39":{"start":{"line":85,"column":19},"end":{"line":85,"column":null}},"40":{"start":{"line":85,"column":8},"end":{"line":85,"column":null}},"41":{"start":{"line":86,"column":4},"end":{"line":88,"column":7}},"42":{"start":{"line":87,"column":6},"end":{"line":87,"column":60}},"43":{"start":{"line":90,"column":0},"end":{"line":90,"column":null}}},"fnMap":{"0":{"name":"(anonymous_14)","decl":{"start":{"line":8,"column":0},"end":{"line":8,"column":null}},"loc":{"start":{"line":8,"column":0},"end":{"line":90,"column":null}}},"1":{"name":"(anonymous_16)","decl":{"start":{"line":9,"column":2},"end":{"line":9,"column":15}},"loc":{"start":{"line":9,"column":31},"end":{"line":48,"column":null}}},"2":{"name":"(anonymous_19)","decl":{"start":{"line":12,"column":42},"end":{"line":12,"column":43}},"loc":{"start":{"line":12,"column":54},"end":{"line":12,"column":65}}},"3":{"name":"(anonymous_20)","decl":{"start":{"line":50,"column":2},"end":{"line":50,"column":15}},"loc":{"start":{"line":50,"column":30},"end":{"line":78,"column":null}}},"4":{"name":"(anonymous_23)","decl":{"start":{"line":53,"column":40},"end":{"line":53,"column":41}},"loc":{"start":{"line":53,"column":49},"end":{"line":53,"column":57}}},"5":{"name":"(anonymous_24)","decl":{"start":{"line":80,"column":2},"end":{"line":80,"column":15}},"loc":{"start":{"line":80,"column":32},"end":{"line":82,"column":null}}},"6":{"name":"(anonymous_27)","decl":{"start":{"line":84,"column":2},"end":{"line":84,"column":15}},"loc":{"start":{"line":84,"column":2},"end":{"line":89,"column":null}}},"7":{"name":"(anonymous_30)","decl":{"start":{"line":86,"column":24},"end":{"line":86,"column":25}},"loc":{"start":{"line":86,"column":29},"end":{"line":88,"column":5}}}},"branchMap":{"0":{"loc":{"start":{"line":14,"column":28},"end":{"line":14,"column":null}},"type":"switch","locations":[{"start":{"line":14,"column":28},"end":{"line":14,"column":null}},{"start":{"line":18,"column":31},"end":{"line":18,"column":null}}]},"1":{"loc":{"start":{"line":11,"column":8},"end":{"line":11,"column":13}},"type":"if","locations":[{"start":{"line":11,"column":8},"end":{"line":11,"column":13}}]},"2":{"loc":{"start":{"line":15,"column":10},"end":{"line":15,"column":23}},"type":"if","locations":[{"start":{"line":15,"column":10},"end":{"line":15,"column":23}}]},"3":{"loc":{"start":{"line":55,"column":27},"end":{"line":55,"column":null}},"type":"switch","locations":[{"start":{"line":55,"column":27},"end":{"line":55,"column":null}}]},"4":{"loc":{"start":{"line":52,"column":8},"end":{"line":52,"column":13}},"type":"if","locations":[{"start":{"line":52,"column":8},"end":{"line":52,"column":13}}]},"5":{"loc":{"start":{"line":56,"column":10},"end":{"line":56,"column":11}},"type":"if","locations":[{"start":{"line":56,"column":10},"end":{"line":56,"column":11}}]},"6":{"loc":{"start":{"line":71,"column":8},"end":{"line":75,"column":9}},"type":"if","locations":[{"start":{"line":71,"column":8},"end":{"line":75,"column":9}},{"start":{"line":73,"column":15},"end":{"line":75,"column":9}}]},"7":{"loc":{"start":{"line":85,"column":19},"end":{"line":85,"column":null}},"type":"switch","locations":[{"start":{"line":85,"column":19},"end":{"line":85,"column":null}}]}},"s":{"0":1,"1":1,"2":1,"3":1,"4":1,"5":1,"6":1,"7":0,"8":0,"9":0,"10":0,"11":0,"12":0,"13":0,"14":0,"15":0,"16":0,"17":0,"18":0,"19":0,"20":0,"21":1,"22":0,"23":0,"24":0,"25":0,"26":0,"27":0,"28":0,"29":0,"30":0,"31":0,"32":0,"33":0,"34":0,"35":0,"36":1,"37":0,"38":1,"39":0,"40":0,"41":0,"42":0,"43":1},"f":{"0":1,"1":0,"2":0,"3":0,"4":0,"5":0,"6":0,"7":0},"b":{"0":[0,0],"1":[0],"2":[0],"3":[0],"4":[0],"5":[0],"6":[0,0],"7":[0]}}
,"D:\\Users\\norbe\\repos\\C32\\MB-BE\\src\\validations\\article.validation.ts": {"path":"D:\\Users\\norbe\\repos\\C32\\MB-BE\\src\\validations\\article.validation.ts","statementMap":{"0":{"start":{"line":1,"column":0},"end":{"line":1,"column":22}},"1":{"start":{"line":9,"column":18},"end":{"line":9,"column":54}},"2":{"start":{"line":9,"column":53},"end":{"line":10,"column":49}},"3":{"start":{"line":10,"column":1},"end":{"line":10,"column":49}},"4":{"start":{"line":12,"column":22},"end":{"line":16,"column":2}},"5":{"start":{"line":18,"column":24},"end":{"line":18,"column":48}},"6":{"start":{"line":19,"column":0},"end":{"line":19,"column":31}}},"fnMap":{"0":{"name":"(anonymous_1)","decl":{"start":{"line":9,"column":18},"end":{"line":9,"column":19}},"loc":{"start":{"line":9,"column":48},"end":{"line":9,"column":54}}},"1":{"name":"(anonymous_2)","decl":{"start":{"line":9,"column":53},"end":{"line":9,"column":54}},"loc":{"start":{"line":9,"column":71},"end":{"line":10,"column":7}}}},"branchMap":{},"s":{"0":1,"1":1,"2":1,"3":0,"4":1,"5":1,"6":1},"f":{"0":1,"1":0},"b":{}}
,"D:\\Users\\norbe\\repos\\C32\\MB-BE\\src\\validations\\comment.validation.ts": {"path":"D:\\Users\\norbe\\repos\\C32\\MB-BE\\src\\validations\\comment.validation.ts","statementMap":{"0":{"start":{"line":1,"column":0},"end":{"line":1,"column":22}},"1":{"start":{"line":3,"column":18},"end":{"line":3,"column":54}},"2":{"start":{"line":3,"column":53},"end":{"line":4,"column":49}},"3":{"start":{"line":4,"column":1},"end":{"line":4,"column":49}},"4":{"start":{"line":6,"column":22},"end":{"line":8,"column":2}},"5":{"start":{"line":10,"column":24},"end":{"line":10,"column":48}},"6":{"start":{"line":12,"column":0},"end":{"line":12,"column":31}}},"fnMap":{"0":{"name":"(anonymous_1)","decl":{"start":{"line":3,"column":18},"end":{"line":3,"column":19}},"loc":{"start":{"line":3,"column":48},"end":{"line":3,"column":54}}},"1":{"name":"(anonymous_2)","decl":{"start":{"line":3,"column":53},"end":{"line":3,"column":54}},"loc":{"start":{"line":3,"column":66},"end":{"line":4,"column":7}}}},"branchMap":{},"s":{"0":1,"1":1,"2":1,"3":0,"4":1,"5":1,"6":1},"f":{"0":1,"1":0},"b":{}}
,"D:\\Users\\norbe\\repos\\C32\\MB-BE\\src\\validations\\message.validation.ts": {"path":"D:\\Users\\norbe\\repos\\C32\\MB-BE\\src\\validations\\message.validation.ts","statementMap":{"0":{"start":{"line":1,"column":0},"end":{"line":1,"column":22}},"1":{"start":{"line":9,"column":18},"end":{"line":9,"column":54}},"2":{"start":{"line":9,"column":53},"end":{"line":10,"column":49}},"3":{"start":{"line":10,"column":1},"end":{"line":10,"column":49}},"4":{"start":{"line":12,"column":18},"end":{"line":16,"column":2}},"5":{"start":{"line":18,"column":20},"end":{"line":18,"column":40}},"6":{"start":{"line":19,"column":0},"end":{"line":19,"column":27}}},"fnMap":{"0":{"name":"(anonymous_1)","decl":{"start":{"line":9,"column":18},"end":{"line":9,"column":19}},"loc":{"start":{"line":9,"column":48},"end":{"line":9,"column":54}}},"1":{"name":"(anonymous_2)","decl":{"start":{"line":9,"column":53},"end":{"line":9,"column":54}},"loc":{"start":{"line":9,"column":71},"end":{"line":10,"column":7}}}},"branchMap":{},"s":{"0":1,"1":1,"2":1,"3":0,"4":1,"5":1,"6":1},"f":{"0":1,"1":0},"b":{}}
,"D:\\Users\\norbe\\repos\\C32\\MB-BE\\src\\validations\\user.validation.ts": {"path":"D:\\Users\\norbe\\repos\\C32\\MB-BE\\src\\validations\\user.validation.ts","statementMap":{"0":{"start":{"line":1,"column":0},"end":{"line":1,"column":22}},"1":{"start":{"line":10,"column":19},"end":{"line":15,"column":2}},"2":{"start":{"line":17,"column":21},"end":{"line":19,"column":1}},"3":{"start":{"line":18,"column":4},"end":{"line":18,"column":63}},"4":{"start":{"line":21,"column":0},"end":{"line":21,"column":28}}},"fnMap":{"0":{"name":"(anonymous_1)","decl":{"start":{"line":17,"column":21},"end":{"line":17,"column":22}},"loc":{"start":{"line":17,"column":42},"end":{"line":19,"column":1}}}},"branchMap":{},"s":{"0":1,"1":1,"2":1,"3":0,"4":1},"f":{"0":0},"b":{}}
}
