TN:
SF:src\app.ts
FN:24,(anonymous_1)
FN:28,(anonymous_2)
FNF:2
FNH:1
FNDA:0,(anonymous_1)
FNDA:1,(anonymous_2)
DA:1,1
DA:2,1
DA:3,1
DA:4,1
DA:5,1
DA:6,1
DA:8,1
DA:9,1
DA:10,1
DA:11,1
DA:13,1
DA:14,1
DA:15,1
DA:16,0
DA:18,1
DA:19,1
DA:20,1
DA:21,1
DA:23,1
DA:24,1
DA:25,0
DA:28,1
DA:29,1
DA:32,0
DA:35,1
LF:25
LH:22
BRDA:15,0,0,0
BRF:1
BRH:0
end_of_record
TN:
SF:src\controllers\article.controllers.ts
FN:6,(anonymous_14)
FN:7,(anonymous_16)
FN:41,(anonymous_19)
FN:58,(anonymous_22)
FN:72,(anonymous_25)
FN:107,(anonymous_28)
FNF:6
FNH:2
FNDA:1,(anonymous_14)
FNDA:0,(anonymous_16)
FNDA:1,(anonymous_19)
FNDA:0,(anonymous_22)
FNDA:0,(anonymous_25)
FNDA:0,(anonymous_28)
DA:1,1
DA:2,1
DA:4,1
DA:6,1
DA:7,1
DA:9,0
DA:10,0
DA:11,0
DA:12,0
DA:14,0
DA:15,0
DA:16,0
DA:18,0
DA:19,0
DA:20,0
DA:21,0
DA:22,0
DA:24,0
DA:29,0
DA:36,0
DA:37,0
DA:41,1
DA:43,1
DA:44,1
DA:45,0
DA:47,1
DA:53,0
DA:54,0
DA:58,1
DA:60,0
DA:61,0
DA:66,0
DA:67,0
DA:72,1
DA:74,0
DA:75,0
DA:76,0
DA:78,0
DA:79,0
DA:81,0
DA:82,0
DA:83,0
DA:84,0
DA:86,0
DA:88,0
DA:89,0
DA:90,0
DA:95,0
DA:98,0
DA:99,0
DA:107,1
DA:109,0
DA:110,0
DA:112,0
DA:113,0
DA:118,1
LF:56
LH:13
BRDA:10,0,0,0
BRDA:10,1,0,0
BRDA:10,1,1,0
BRDA:15,2,0,0
BRDA:15,3,0,0
BRDA:15,3,1,0
BRDA:21,4,0,0
BRDA:21,4,1,0
BRDA:44,5,0,0
BRDA:44,5,1,1
BRDA:88,6,0,0
BRDA:75,7,0,0
BRDA:78,8,0,0
BRDA:81,9,0,0
BRDA:83,10,0,0
BRDA:83,11,0,0
BRDA:83,11,1,0
BRDA:89,12,0,0
BRDA:89,12,1,0
BRF:19
BRH:1
end_of_record
TN:
SF:src\controllers\comment.controllers.ts
FN:4,(anonymous_13)
FN:5,(anonymous_15)
FN:27,(anonymous_18)
FN:41,(anonymous_21)
FNF:4
FNH:1
FNDA:1,(anonymous_13)
FNDA:0,(anonymous_15)
FNDA:0,(anonymous_18)
FNDA:0,(anonymous_21)
DA:1,1
DA:4,1
DA:5,1
DA:7,0
DA:8,0
DA:12,0
DA:16,0
DA:17,0
DA:19,0
DA:22,0
DA:23,0
DA:27,1
DA:29,0
DA:30,0
DA:31,0
DA:33,0
DA:36,0
DA:37,0
DA:41,1
DA:43,0
DA:44,0
DA:46,0
DA:47,0
DA:50,1
LF:24
LH:6
BRDA:16,0,0,0
BRDA:16,0,1,0
BRDA:30,1,0,0
BRDA:30,1,1,0
BRF:4
BRH:0
end_of_record
TN:
SF:src\controllers\like.controller.ts
FN:4,(anonymous_13)
FN:5,(anonymous_15)
FNF:2
FNH:1
FNDA:1,(anonymous_13)
FNDA:0,(anonymous_15)
DA:2,1
DA:4,1
DA:5,1
DA:7,0
DA:8,0
DA:10,0
DA:11,0
DA:14,1
LF:8
LH:4
BRF:0
BRH:0
end_of_record
TN:
SF:src\controllers\message.controllers.ts
FN:5,(anonymous_14)
FN:6,(anonymous_16)
FN:30,(anonymous_19)
FN:40,(anonymous_22)
FNF:4
FNH:1
FNDA:1,(anonymous_14)
FNDA:0,(anonymous_16)
FNDA:0,(anonymous_19)
FNDA:0,(anonymous_22)
DA:2,1
DA:3,1
DA:5,1
DA:6,1
DA:8,0
DA:10,0
DA:11,0
DA:12,0
DA:14,0
DA:19,0
DA:25,0
DA:26,0
DA:30,1
DA:32,0
DA:33,0
DA:35,0
DA:36,0
DA:40,1
DA:42,0
DA:43,0
DA:45,0
DA:46,0
DA:49,1
LF:23
LH:7
BRDA:11,0,0,0
BRDA:11,0,1,0
BRF:2
BRH:0
end_of_record
TN:
SF:src\controllers\user.controllers.ts
FN:3,(anonymous_14)
FN:4,(anonymous_16)
FN:36,(anonymous_19)
FN:64,(anonymous_22)
FNF:4
FNH:1
FNDA:1,(anonymous_14)
FNDA:0,(anonymous_16)
FNDA:0,(anonymous_19)
FNDA:0,(anonymous_22)
DA:1,1
DA:3,1
DA:4,1
DA:6,0
DA:7,0
DA:14,0
DA:15,0
DA:16,0
DA:17,0
DA:18,0
DA:19,0
DA:23,0
DA:27,0
DA:28,0
DA:29,0
DA:36,1
DA:38,0
DA:39,0
DA:43,0
DA:44,0
DA:45,0
DA:46,0
DA:47,0
DA:49,0
DA:55,0
DA:56,0
DA:57,0
DA:64,1
DA:66,0
DA:67,0
DA:72,0
DA:73,0
DA:74,0
DA:80,1
LF:34
LH:6
BRDA:15,0,0,0
BRDA:16,1,0,0
BRDA:16,1,1,0
BRDA:18,2,0,0
BRDA:18,2,1,0
BRDA:44,3,0,0
BRDA:44,3,1,0
BRDA:46,4,0,0
BRDA:46,4,1,0
BRDA:46,5,0,0
BRDA:46,5,1,0
BRF:11
BRH:0
end_of_record
TN:
SF:src\middlewares\auth.mid.ts
FN:7,(anonymous_14)
FN:7,(anonymous_15)
FNF:2
FNH:0
FNDA:0,(anonymous_14)
FNDA:0,(anonymous_15)
DA:1,1
DA:3,1
DA:5,1
DA:7,1
DA:9,0
DA:10,0
DA:11,0
DA:14,0
DA:15,0
DA:16,0
DA:17,0
DA:19,0
DA:20,0
DA:21,0
DA:24,0
DA:25,0
DA:26,0
DA:28,0
DA:29,0
DA:33,1
LF:20
LH:5
BRDA:10,0,0,0
BRDA:20,1,0,0
BRF:2
BRH:0
end_of_record
TN:
SF:src\middlewares\auth.pass.ts
FN:9,Authenticator
FN:16,(anonymous_17)
FN:16,(anonymous_18)
FN:36,ensureAuthenticated
FN:37,(anonymous_21)
FNF:5
FNH:1
FNDA:2,Authenticator
FNDA:0,(anonymous_17)
FNDA:0,(anonymous_18)
FNDA:0,ensureAuthenticated
FNDA:0,(anonymous_21)
DA:1,1
DA:2,1
DA:3,1
DA:7,1
DA:10,2
DA:16,0
DA:18,0
DA:19,0
DA:20,0
DA:21,0
DA:22,0
DA:24,0
DA:26,0
DA:27,0
DA:34,1
DA:36,1
DA:37,0
DA:38,0
DA:39,0
DA:41,0
DA:42,0
DA:44,0
DA:45,0
LF:23
LH:7
BRDA:20,0,0,0
BRDA:38,1,0,0
BRDA:41,2,0,0
BRF:3
BRH:0
end_of_record
TN:
SF:src\middlewares\is.admin.ts
FN:4,(anonymous_13)
FN:4,(anonymous_14)
FNF:2
FNH:0
FNDA:0,(anonymous_13)
FNDA:0,(anonymous_14)
DA:2,1
DA:4,1
DA:6,0
DA:7,0
DA:8,0
DA:9,0
DA:12,0
DA:14,0
DA:18,1
LF:9
LH:3
BRDA:8,0,0,0
BRDA:8,1,0,0
BRDA:8,1,1,0
BRF:3
BRH:0
end_of_record
TN:
SF:src\middlewares\multer.ts
FN:5,(anonymous_1)
FN:12,(anonymous_2)
FNF:2
FNH:0
FNDA:0,(anonymous_1)
FNDA:0,(anonymous_2)
DA:1,1
DA:4,1
DA:10,0
DA:17,0
DA:21,1
DA:23,1
LF:6
LH:4
BRF:0
BRH:0
end_of_record
TN:
SF:src\models\article.model.ts
FNF:0
FNH:0
DA:1,1
DA:18,1
DA:29,1
DA:30,1
LF:4
LH:4
BRF:0
BRH:0
end_of_record
TN:
SF:src\models\message.model.ts
FNF:0
FNH:0
DA:1,1
DA:10,1
DA:17,1
DA:18,1
LF:4
LH:4
BRF:0
BRH:0
end_of_record
TN:
SF:src\models\user.model.ts
FNF:0
FNH:0
DA:1,1
DA:12,1
DA:22,1
DA:24,1
LF:4
LH:4
BRF:0
BRH:0
end_of_record
TN:
SF:src\routes\index.ts
FNF:0
FNH:0
DA:1,1
DA:2,1
DA:3,1
DA:4,1
DA:5,1
DA:6,1
DA:8,1
DA:10,1
DA:11,1
DA:12,1
DA:13,1
DA:14,1
DA:17,1
LF:13
LH:13
BRF:0
BRH:0
end_of_record
TN:
SF:src\routes\api\article.routes.ts
FNF:0
FNH:0
DA:1,1
DA:2,1
DA:3,1
DA:4,1
DA:5,1
DA:7,1
DA:9,1
DA:11,1
DA:12,1
DA:13,1
DA:14,1
DA:15,1
DA:17,1
LF:13
LH:13
BRF:0
BRH:0
end_of_record
TN:
SF:src\routes\api\comment.routes.ts
FNF:0
FNH:0
DA:1,1
DA:2,1
DA:3,1
DA:5,1
DA:7,1
DA:8,1
DA:9,1
DA:11,1
LF:8
LH:8
BRF:0
BRH:0
end_of_record
TN:
SF:src\routes\api\like.route.ts
FNF:0
FNH:0
DA:1,1
DA:2,1
DA:3,1
DA:4,1
DA:6,1
DA:8,1
LF:6
LH:6
BRF:0
BRH:0
end_of_record
TN:
SF:src\routes\api\message.routes.ts
FN:8,(anonymous_7)
FNF:1
FNH:1
FNDA:1,(anonymous_7)
DA:1,1
DA:2,1
DA:3,1
DA:4,1
DA:6,1
DA:8,1
DA:9,1
DA:10,1
DA:11,1
DA:15,1
LF:10
LH:10
BRF:0
BRH:0
end_of_record
TN:
SF:src\routes\api\user.routes.ts
FNF:0
FNH:0
DA:1,1
DA:2,1
DA:3,1
DA:4,1
DA:6,1
DA:8,1
DA:9,1
DA:10,1
DA:12,1
LF:9
LH:9
BRF:0
BRH:0
end_of_record
TN:
SF:src\services\article.services.ts
FN:7,(anonymous_14)
FN:8,(anonymous_16)
FN:12,(anonymous_19)
FN:20,(anonymous_20)
FN:25,(anonymous_23)
FN:30,(anonymous_26)
FN:38,(anonymous_29)
FN:41,(anonymous_32)
FNF:8
FNH:2
FNDA:1,(anonymous_14)
FNDA:0,(anonymous_16)
FNDA:0,(anonymous_19)
FNDA:1,(anonymous_20)
FNDA:0,(anonymous_23)
FNDA:0,(anonymous_26)
FNDA:0,(anonymous_29)
FNDA:0,(anonymous_32)
DA:1,1
DA:2,1
DA:3,1
DA:5,1
DA:7,1
DA:8,1
DA:9,0
DA:11,0
DA:12,0
DA:14,0
DA:15,0
DA:16,0
DA:20,1
DA:21,1
DA:22,1
DA:25,1
DA:26,0
DA:27,0
DA:30,1
DA:31,0
DA:32,0
DA:33,0
DA:35,0
DA:38,1
DA:39,0
DA:40,0
DA:41,0
DA:43,0
DA:44,0
DA:45,0
DA:46,0
DA:48,0
DA:49,0
DA:51,0
DA:52,0
DA:54,0
DA:55,0
DA:56,0
DA:58,0
DA:61,1
LF:40
LH:13
BRDA:11,0,0,0
BRDA:21,1,0,1
BRDA:26,2,0,0
BRDA:31,3,0,0
BRDA:31,3,1,0
BRDA:32,4,0,0
BRDA:40,5,0,0
BRDA:45,6,0,0
BRDA:48,7,0,0
BRDA:51,8,0,0
BRDA:55,9,0,0
BRF:11
BRH:1
end_of_record
TN:
SF:src\services\comment.services.ts
FN:4,(anonymous_14)
FN:5,(anonymous_16)
FN:10,(anonymous_19)
FN:22,(anonymous_20)
FN:30,(anonymous_23)
FN:35,(anonymous_26)
FNF:6
FNH:1
FNDA:1,(anonymous_14)
FNDA:0,(anonymous_16)
FNDA:0,(anonymous_19)
FNDA:0,(anonymous_20)
FNDA:0,(anonymous_23)
FNDA:0,(anonymous_26)
DA:1,1
DA:2,1
DA:4,1
DA:5,1
DA:6,0
DA:7,0
DA:9,0
DA:10,0
DA:12,0
DA:13,0
DA:14,0
DA:16,0
DA:17,0
DA:18,0
DA:19,0
DA:22,1
DA:23,0
DA:24,0
DA:25,0
DA:27,0
DA:30,1
DA:31,0
DA:32,0
DA:33,0
DA:35,0
DA:36,0
DA:37,0
DA:39,1
LF:28
LH:7
BRDA:9,0,0,0
BRDA:13,1,0,0
BRDA:23,2,0,0
BRDA:24,3,0,0
BRDA:31,4,0,0
BRDA:31,4,1,0
BRDA:32,5,0,0
BRF:7
BRH:0
end_of_record
TN:
SF:src\services\like.service.ts
FN:4,(anonymous_15)
FN:5,(anonymous_17)
FN:14,(anonymous_20)
FNF:3
FNH:1
FNDA:1,(anonymous_15)
FNDA:0,(anonymous_17)
FNDA:0,(anonymous_20)
DA:1,1
DA:2,1
DA:4,1
DA:5,1
DA:6,0
DA:7,0
DA:8,0
DA:9,0
DA:12,0
DA:13,0
DA:14,0
DA:15,0
DA:19,0
DA:21,0
DA:22,0
DA:23,0
DA:24,0
DA:28,0
DA:31,0
DA:33,0
DA:35,1
LF:21
LH:5
BRDA:31,0,0,0
BRDA:8,1,0,0
BRDA:12,2,0,0
BRDA:13,3,0,0
BRDA:13,3,1,0
BRF:5
BRH:0
end_of_record
TN:
SF:src\services\message.services.ts
FN:5,(anonymous_14)
FN:6,(anonymous_16)
FN:10,(anonymous_19)
FN:43,(anonymous_20)
FN:48,(anonymous_23)
FNF:5
FNH:1
FNDA:1,(anonymous_14)
FNDA:0,(anonymous_16)
FNDA:0,(anonymous_19)
FNDA:0,(anonymous_20)
FNDA:0,(anonymous_23)
DA:1,1
DA:2,1
DA:3,1
DA:5,1
DA:6,1
DA:7,0
DA:9,0
DA:10,0
DA:12,0
DA:14,0
DA:24,0
DA:31,0
DA:33,0
DA:34,0
DA:35,0
DA:37,0
DA:38,0
DA:43,1
DA:44,0
DA:45,0
DA:48,1
DA:49,0
DA:51,1
LF:23
LH:8
BRDA:9,0,0,0
BRDA:44,1,0,0
BRDA:49,2,0,0
BRDA:49,2,1,0
BRF:4
BRH:0
end_of_record
TN:
SF:src\services\user.services.ts
FN:8,(anonymous_14)
FN:9,(anonymous_16)
FN:12,(anonymous_19)
FN:50,(anonymous_20)
FN:53,(anonymous_23)
FN:80,(anonymous_24)
FN:84,(anonymous_27)
FN:86,(anonymous_30)
FNF:8
FNH:1
FNDA:1,(anonymous_14)
FNDA:0,(anonymous_16)
FNDA:0,(anonymous_19)
FNDA:0,(anonymous_20)
FNDA:0,(anonymous_23)
FNDA:0,(anonymous_24)
FNDA:0,(anonymous_27)
FNDA:0,(anonymous_30)
DA:1,1
DA:2,1
DA:3,1
DA:4,1
DA:6,1
DA:8,1
DA:9,1
DA:10,0
DA:11,0
DA:12,0
DA:14,0
DA:15,0
DA:16,0
DA:18,0
DA:19,0
DA:25,0
DA:27,0
DA:36,0
DA:50,1
DA:51,0
DA:52,0
DA:53,0
DA:55,0
DA:56,0
DA:57,0
DA:59,0
DA:67,0
DA:71,0
DA:72,0
DA:74,0
DA:80,1
DA:81,0
DA:84,1
DA:85,0
DA:86,0
DA:87,0
DA:90,1
LF:37
LH:11
BRDA:14,0,0,0
BRDA:14,0,1,0
BRDA:11,1,0,0
BRDA:15,2,0,0
BRDA:55,3,0,0
BRDA:52,4,0,0
BRDA:56,5,0,0
BRDA:71,6,0,0
BRDA:71,6,1,0
BRDA:85,7,0,0
BRF:10
BRH:0
end_of_record
TN:
SF:src\validations\article.validation.ts
FN:9,(anonymous_1)
FN:9,(anonymous_2)
FNF:2
FNH:1
FNDA:1,(anonymous_1)
FNDA:0,(anonymous_2)
DA:1,1
DA:9,1
DA:10,0
DA:12,1
DA:18,1
DA:19,1
LF:6
LH:5
BRF:0
BRH:0
end_of_record
TN:
SF:src\validations\comment.validation.ts
FN:3,(anonymous_1)
FN:3,(anonymous_2)
FNF:2
FNH:1
FNDA:1,(anonymous_1)
FNDA:0,(anonymous_2)
DA:1,1
DA:3,1
DA:4,0
DA:6,1
DA:10,1
DA:12,1
LF:6
LH:5
BRF:0
BRH:0
end_of_record
TN:
SF:src\validations\message.validation.ts
FN:9,(anonymous_1)
FN:9,(anonymous_2)
FNF:2
FNH:1
FNDA:1,(anonymous_1)
FNDA:0,(anonymous_2)
DA:1,1
DA:9,1
DA:10,0
DA:12,1
DA:18,1
DA:19,1
LF:6
LH:5
BRF:0
BRH:0
end_of_record
TN:
SF:src\validations\user.validation.ts
FN:17,(anonymous_1)
FNF:1
FNH:0
FNDA:0,(anonymous_1)
DA:1,1
DA:10,1
DA:17,1
DA:18,0
DA:21,1
LF:5
LH:4
BRF:0
BRH:0
end_of_record
